[ 2019-11-09T15:42:17+08:00 ] 123.160.230.209 /tp3/Index.php/Index/Index/
INFO: [ app_init ] --START--
INFO: Run Behavior\BuildLiteBehavior [ RunTime:0.000010s ]
INFO: [ app_init ] --END-- [ RunTime:0.000254s ]
INFO: [ app_begin ] --START--
INFO: Run Behavior\ReadHtmlCacheBehavior [ RunTime:0.000288s ]
INFO: [ app_begin ] --END-- [ RunTime:0.000320s ]
SQL: SHOW COLUMNS FROM `b_users` [ RunTime:0.000762s ]
SQL: INSERT INTO `b_users` (`wx_openid`) VALUES (1) [ RunTime:0.021065s ]
SQL: INSERT INTO `b_users` (`wx_openid`) VALUES (1) [ RunTime:0.001780s ]
SQL: INSERT INTO `b_users` (`wx_openid`) VALUES (1) [ RunTime:0.001615s ]
SQL: INSERT INTO `b_users` (`wx_openid`) VALUES (1) [ RunTime:0.001588s ]
SQL: INSERT INTO `b_users` (`wx_openid`) VALUES (1) [ RunTime:0.002119s ]
SQL: INSERT INTO `b_users` (`wx_openid`) VALUES (1) [ RunTime:0.001571s ]
SQL: INSERT INTO `b_users` (`wx_openid`) VALUES (1) [ RunTime:0.003471s ]
SQL: INSERT INTO `b_users` (`wx_openid`) VALUES (1) [ RunTime:0.002854s ]
SQL: INSERT INTO `b_users` (`wx_openid`) VALUES (1) [ RunTime:0.001575s ]
SQL: INSERT INTO `b_users` (`wx_openid`) VALUES (1) [ RunTime:0.001499s ]
SQL: INSERT INTO `b_users` (`wx_openid`) VALUES (1) [ RunTime:0.001734s ]
SQL: INSERT INTO `b_users` (`wx_openid`) VALUES (1) [ RunTime:0.002035s ]
SQL: INSERT INTO `b_users` (`wx_openid`) VALUES (1) [ RunTime:0.001435s ]
SQL: INSERT INTO `b_users` (`wx_openid`) VALUES (1) [ RunTime:0.001856s ]
SQL: INSERT INTO `b_users` (`wx_openid`) VALUES (1) [ RunTime:0.001523s ]
SQL: INSERT INTO `b_users` (`wx_openid`) VALUES (1) [ RunTime:0.001356s ]
SQL: INSERT INTO `b_users` (`wx_openid`) VALUES (1) [ RunTime:0.001498s ]
SQL: INSERT INTO `b_users` (`wx_openid`) VALUES (1) [ RunTime:0.001504s ]
SQL: INSERT INTO `b_users` (`wx_openid`) VALUES (1) [ RunTime:0.001408s ]
SQL: INSERT INTO `b_users` (`wx_openid`) VALUES (1) [ RunTime:0.001973s ]
SQL: INSERT INTO `b_users` (`wx_openid`) VALUES (1) [ RunTime:0.001502s ]
SQL: INSERT INTO `b_users` (`wx_openid`) VALUES (1) [ RunTime:0.001344s ]
SQL: INSERT INTO `b_users` (`wx_openid`) VALUES (1) [ RunTime:0.001428s ]
SQL: INSERT INTO `b_users` (`wx_openid`) VALUES (1) [ RunTime:0.001456s ]
SQL: INSERT INTO `b_users` (`wx_openid`) VALUES (1) [ RunTime:0.001466s ]
SQL: INSERT INTO `b_users` (`wx_openid`) VALUES (1) [ RunTime:0.001497s ]
SQL: INSERT INTO `b_users` (`wx_openid`) VALUES (1) [ RunTime:0.001910s ]
SQL: INSERT INTO `b_users` (`wx_openid`) VALUES (1) [ RunTime:0.001507s ]
SQL: INSERT INTO `b_users` (`wx_openid`) VALUES (1) [ RunTime:0.001445s ]
SQL: INSERT INTO `b_users` (`wx_openid`) VALUES (1) [ RunTime:0.001331s ]
SQL: INSERT INTO `b_users` (`wx_openid`) VALUES (1) [ RunTime:0.001372s ]
SQL: INSERT INTO `b_users` (`wx_openid`) VALUES (1) [ RunTime:0.001362s ]
SQL: INSERT INTO `b_users` (`wx_openid`) VALUES (1) [ RunTime:0.001547s ]
SQL: INSERT INTO `b_users` (`wx_openid`) VALUES (1) [ RunTime:0.001518s ]
SQL: INSERT INTO `b_users` (`wx_openid`) VALUES (1) [ RunTime:0.001914s ]
SQL: INSERT INTO `b_users` (`wx_openid`) VALUES (1) [ RunTime:0.001452s ]
SQL: INSERT INTO `b_users` (`wx_openid`) VALUES (1) [ RunTime:0.001610s ]
SQL: INSERT INTO `b_users` (`wx_openid`) VALUES (1) [ RunTime:0.001413s ]
SQL: INSERT INTO `b_users` (`wx_openid`) VALUES (1) [ RunTime:0.001555s ]
SQL: INSERT INTO `b_users` (`wx_openid`) VALUES (1) [ RunTime:0.001582s ]
SQL: INSERT INTO `b_users` (`wx_openid`) VALUES (1) [ RunTime:0.001503s ]
SQL: INSERT INTO `b_users` (`wx_openid`) VALUES (1) [ RunTime:0.001853s ]
SQL: INSERT INTO `b_users` (`wx_openid`) VALUES (1) [ RunTime:0.001674s ]
SQL: INSERT INTO `b_users` (`wx_openid`) VALUES (1) [ RunTime:0.001557s ]
SQL: INSERT INTO `b_users` (`wx_openid`) VALUES (1) [ RunTime:0.006660s ]
SQL: INSERT INTO `b_users` (`wx_openid`) VALUES (1) [ RunTime:0.001620s ]
SQL: INSERT INTO `b_users` (`wx_openid`) VALUES (1) [ RunTime:0.001570s ]
SQL: INSERT INTO `b_users` (`wx_openid`) VALUES (1) [ RunTime:0.001775s ]
SQL: INSERT INTO `b_users` (`wx_openid`) VALUES (1) [ RunTime:0.002643s ]
SQL: INSERT INTO `b_users` (`wx_openid`) VALUES (1) [ RunTime:0.002066s ]
SQL: INSERT INTO `b_users` (`wx_openid`) VALUES (1) [ RunTime:0.001626s ]
SQL: INSERT INTO `b_users` (`wx_openid`) VALUES (1) [ RunTime:0.001704s ]
SQL: INSERT INTO `b_users` (`wx_openid`) VALUES (1) [ RunTime:0.001555s ]
SQL: INSERT INTO `b_users` (`wx_openid`) VALUES (1) [ RunTime:0.001744s ]
SQL: INSERT INTO `b_users` (`wx_openid`) VALUES (1) [ RunTime:0.002055s ]
SQL: INSERT INTO `b_users` (`wx_openid`) VALUES (1) [ RunTime:0.001577s ]
SQL: INSERT INTO `b_users` (`wx_openid`) VALUES (1) [ RunTime:0.002065s ]
SQL: INSERT INTO `b_users` (`wx_openid`) VALUES (1) [ RunTime:0.001663s ]
SQL: INSERT INTO `b_users` (`wx_openid`) VALUES (1) [ RunTime:0.001439s ]
SQL: INSERT INTO `b_users` (`wx_openid`) VALUES (1) [ RunTime:0.001446s ]
SQL: INSERT INTO `b_users` (`wx_openid`) VALUES (1) [ RunTime:0.001428s ]
SQL: INSERT INTO `b_users` (`wx_openid`) VALUES (1) [ RunTime:0.001433s ]
SQL: INSERT INTO `b_users` (`wx_openid`) VALUES (1) [ RunTime:0.001437s ]
SQL: INSERT INTO `b_users` (`wx_openid`) VALUES (1) [ RunTime:0.001886s ]
SQL: INSERT INTO `b_users` (`wx_openid`) VALUES (1) [ RunTime:0.001501s ]
SQL: INSERT INTO `b_users` (`wx_openid`) VALUES (1) [ RunTime:0.001468s ]
SQL: INSERT INTO `b_users` (`wx_openid`) VALUES (1) [ RunTime:0.001734s ]
SQL: INSERT INTO `b_users` (`wx_openid`) VALUES (1) [ RunTime:0.001765s ]
SQL: INSERT INTO `b_users` (`wx_openid`) VALUES (1) [ RunTime:0.001545s ]
SQL: INSERT INTO `b_users` (`wx_openid`) VALUES (1) [ RunTime:0.001462s ]
SQL: INSERT INTO `b_users` (`wx_openid`) VALUES (1) [ RunTime:0.001723s ]
SQL: INSERT INTO `b_users` (`wx_openid`) VALUES (1) [ RunTime:0.002985s ]
SQL: INSERT INTO `b_users` (`wx_openid`) VALUES (1) [ RunTime:0.001480s ]
SQL: INSERT INTO `b_users` (`wx_openid`) VALUES (1) [ RunTime:0.001578s ]
SQL: INSERT INTO `b_users` (`wx_openid`) VALUES (1) [ RunTime:0.001382s ]
SQL: INSERT INTO `b_users` (`wx_openid`) VALUES (1) [ RunTime:0.001760s ]
SQL: INSERT INTO `b_users` (`wx_openid`) VALUES (1) [ RunTime:0.001558s ]
SQL: INSERT INTO `b_users` (`wx_openid`) VALUES (1) [ RunTime:0.001504s ]
SQL: INSERT INTO `b_users` (`wx_openid`) VALUES (1) [ RunTime:0.001910s ]
SQL: INSERT INTO `b_users` (`wx_openid`) VALUES (1) [ RunTime:0.001420s ]
SQL: INSERT INTO `b_users` (`wx_openid`) VALUES (1) [ RunTime:0.001619s ]
SQL: INSERT INTO `b_users` (`wx_openid`) VALUES (1) [ RunTime:0.001484s ]
SQL: INSERT INTO `b_users` (`wx_openid`) VALUES (1) [ RunTime:0.001433s ]
SQL: INSERT INTO `b_users` (`wx_openid`) VALUES (1) [ RunTime:0.001488s ]
SQL: INSERT INTO `b_users` (`wx_openid`) VALUES (1) [ RunTime:0.001469s ]
SQL: INSERT INTO `b_users` (`wx_openid`) VALUES (1) [ RunTime:0.001437s ]
SQL: INSERT INTO `b_users` (`wx_openid`) VALUES (1) [ RunTime:0.001860s ]
SQL: INSERT INTO `b_users` (`wx_openid`) VALUES (1) [ RunTime:0.001403s ]
SQL: INSERT INTO `b_users` (`wx_openid`) VALUES (1) [ RunTime:0.001530s ]
SQL: INSERT INTO `b_users` (`wx_openid`) VALUES (1) [ RunTime:0.001525s ]
SQL: INSERT INTO `b_users` (`wx_openid`) VALUES (1) [ RunTime:0.001560s ]
SQL: INSERT INTO `b_users` (`wx_openid`) VALUES (1) [ RunTime:0.001429s ]
SQL: INSERT INTO `b_users` (`wx_openid`) VALUES (1) [ RunTime:0.001759s ]
SQL: INSERT INTO `b_users` (`wx_openid`) VALUES (1) [ RunTime:0.002782s ]
SQL: INSERT INTO `b_users` (`wx_openid`) VALUES (1) [ RunTime:0.001590s ]
SQL: INSERT INTO `b_users` (`wx_openid`) VALUES (1) [ RunTime:0.001498s ]
SQL: INSERT INTO `b_users` (`wx_openid`) VALUES (1) [ RunTime:0.001539s ]
SQL: INSERT INTO `b_users` (`wx_openid`) VALUES (1) [ RunTime:0.001558s ]
SQL: INSERT INTO `b_users` (`wx_openid`) VALUES (1) [ RunTime:0.001576s ]
SQL: INSERT INTO `b_users` (`wx_openid`) VALUES (1) [ RunTime:0.001812s ]
SQL: INSERT INTO `b_users` (`wx_openid`) VALUES (1) [ RunTime:0.001899s ]
SQL: INSERT INTO `b_users` (`wx_openid`) VALUES (1) [ RunTime:0.002225s ]
SQL: INSERT INTO `b_users` (`wx_openid`) VALUES (1) [ RunTime:0.001513s ]
SQL: INSERT INTO `b_users` (`wx_openid`) VALUES (1) [ RunTime:0.002091s ]
SQL: INSERT INTO `b_users` (`wx_openid`) VALUES (1) [ RunTime:0.001898s ]
SQL: INSERT INTO `b_users` (`wx_openid`) VALUES (1) [ RunTime:0.001921s ]
SQL: INSERT INTO `b_users` (`wx_openid`) VALUES (1) [ RunTime:0.002431s ]
SQL: INSERT INTO `b_users` (`wx_openid`) VALUES (1) [ RunTime:0.001550s ]
SQL: INSERT INTO `b_users` (`wx_openid`) VALUES (1) [ RunTime:0.002274s ]
SQL: INSERT INTO `b_users` (`wx_openid`) VALUES (1) [ RunTime:0.001982s ]
SQL: INSERT INTO `b_users` (`wx_openid`) VALUES (1) [ RunTime:0.001828s ]
SQL: INSERT INTO `b_users` (`wx_openid`) VALUES (1) [ RunTime:0.001754s ]
SQL: INSERT INTO `b_users` (`wx_openid`) VALUES (1) [ RunTime:0.001569s ]
SQL: INSERT INTO `b_users` (`wx_openid`) VALUES (1) [ RunTime:0.001736s ]
SQL: INSERT INTO `b_users` (`wx_openid`) VALUES (1) [ RunTime:0.001938s ]
SQL: INSERT INTO `b_users` (`wx_openid`) VALUES (1) [ RunTime:0.001888s ]
SQL: INSERT INTO `b_users` (`wx_openid`) VALUES (1) [ RunTime:0.002254s ]
SQL: INSERT INTO `b_users` (`wx_openid`) VALUES (1) [ RunTime:0.001682s ]
SQL: INSERT INTO `b_users` (`wx_openid`) VALUES (1) [ RunTime:0.001791s ]
SQL: INSERT INTO `b_users` (`wx_openid`) VALUES (1) [ RunTime:0.001476s ]
SQL: INSERT INTO `b_users` (`wx_openid`) VALUES (1) [ RunTime:0.001782s ]
SQL: INSERT INTO `b_users` (`wx_openid`) VALUES (1) [ RunTime:0.001833s ]
SQL: INSERT INTO `b_users` (`wx_openid`) VALUES (1) [ RunTime:0.001890s ]
SQL: INSERT INTO `b_users` (`wx_openid`) VALUES (1) [ RunTime:0.002183s ]
SQL: INSERT INTO `b_users` (`wx_openid`) VALUES (1) [ RunTime:0.001745s ]
SQL: INSERT INTO `b_users` (`wx_openid`) VALUES (1) [ RunTime:0.001678s ]
SQL: INSERT INTO `b_users` (`wx_openid`) VALUES (1) [ RunTime:0.001544s ]
SQL: INSERT INTO `b_users` (`wx_openid`) VALUES (1) [ RunTime:0.001500s ]
SQL: INSERT INTO `b_users` (`wx_openid`) VALUES (1) [ RunTime:0.001635s ]
SQL: INSERT INTO `b_users` (`wx_openid`) VALUES (1) [ RunTime:0.001445s ]
SQL: INSERT INTO `b_users` (`wx_openid`) VALUES (1) [ RunTime:0.001428s ]
SQL: INSERT INTO `b_users` (`wx_openid`) VALUES (1) [ RunTime:0.002106s ]
SQL: INSERT INTO `b_users` (`wx_openid`) VALUES (1) [ RunTime:0.001803s ]
SQL: INSERT INTO `b_users` (`wx_openid`) VALUES (1) [ RunTime:0.001560s ]
SQL: INSERT INTO `b_users` (`wx_openid`) VALUES (1) [ RunTime:0.002251s ]
SQL: INSERT INTO `b_users` (`wx_openid`) VALUES (1) [ RunTime:0.001849s ]
SQL: INSERT INTO `b_users` (`wx_openid`) VALUES (1) [ RunTime:0.001731s ]
SQL: INSERT INTO `b_users` (`wx_openid`) VALUES (1) [ RunTime:0.001479s ]
SQL: INSERT INTO `b_users` (`wx_openid`) VALUES (1) [ RunTime:0.001946s ]
SQL: INSERT INTO `b_users` (`wx_openid`) VALUES (1) [ RunTime:0.001549s ]
SQL: INSERT INTO `b_users` (`wx_openid`) VALUES (1) [ RunTime:0.001513s ]
SQL: INSERT INTO `b_users` (`wx_openid`) VALUES (1) [ RunTime:0.001514s ]
SQL: INSERT INTO `b_users` (`wx_openid`) VALUES (1) [ RunTime:0.001552s ]
SQL: INSERT INTO `b_users` (`wx_openid`) VALUES (1) [ RunTime:0.001482s ]
SQL: INSERT INTO `b_users` (`wx_openid`) VALUES (1) [ RunTime:0.001524s ]
SQL: INSERT INTO `b_users` (`wx_openid`) VALUES (1) [ RunTime:0.001630s ]
SQL: INSERT INTO `b_users` (`wx_openid`) VALUES (1) [ RunTime:0.002185s ]
SQL: INSERT INTO `b_users` (`wx_openid`) VALUES (1) [ RunTime:0.001456s ]
SQL: INSERT INTO `b_users` (`wx_openid`) VALUES (1) [ RunTime:0.001509s ]
SQL: INSERT INTO `b_users` (`wx_openid`) VALUES (1) [ RunTime:0.001501s ]
SQL: INSERT INTO `b_users` (`wx_openid`) VALUES (1) [ RunTime:0.001484s ]
SQL: INSERT INTO `b_users` (`wx_openid`) VALUES (1) [ RunTime:0.001598s ]
SQL: INSERT INTO `b_users` (`wx_openid`) VALUES (1) [ RunTime:0.001498s ]
SQL: INSERT INTO `b_users` (`wx_openid`) VALUES (1) [ RunTime:0.001910s ]
SQL: INSERT INTO `b_users` (`wx_openid`) VALUES (1) [ RunTime:0.001843s ]
SQL: INSERT INTO `b_users` (`wx_openid`) VALUES (1) [ RunTime:0.001593s ]
SQL: INSERT INTO `b_users` (`wx_openid`) VALUES (1) [ RunTime:0.001585s ]
SQL: INSERT INTO `b_users` (`wx_openid`) VALUES (1) [ RunTime:0.001665s ]
SQL: INSERT INTO `b_users` (`wx_openid`) VALUES (1) [ RunTime:0.001599s ]
SQL: INSERT INTO `b_users` (`wx_openid`) VALUES (1) [ RunTime:0.001994s ]
SQL: INSERT INTO `b_users` (`wx_openid`) VALUES (1) [ RunTime:0.001920s ]
SQL: INSERT INTO `b_users` (`wx_openid`) VALUES (1) [ RunTime:0.001909s ]
SQL: INSERT INTO `b_users` (`wx_openid`) VALUES (1) [ RunTime:0.002196s ]
SQL: INSERT INTO `b_users` (`wx_openid`) VALUES (1) [ RunTime:0.001470s ]
SQL: INSERT INTO `b_users` (`wx_openid`) VALUES (1) [ RunTime:0.001693s ]
SQL: INSERT INTO `b_users` (`wx_openid`) VALUES (1) [ RunTime:0.001739s ]
SQL: INSERT INTO `b_users` (`wx_openid`) VALUES (1) [ RunTime:0.001485s ]
SQL: INSERT INTO `b_users` (`wx_openid`) VALUES (1) [ RunTime:0.001526s ]
SQL: INSERT INTO `b_users` (`wx_openid`) VALUES (1) [ RunTime:0.002140s ]
SQL: INSERT INTO `b_users` (`wx_openid`) VALUES (1) [ RunTime:0.003928s ]
SQL: INSERT INTO `b_users` (`wx_openid`) VALUES (1) [ RunTime:0.001606s ]
SQL: INSERT INTO `b_users` (`wx_openid`) VALUES (1) [ RunTime:0.001646s ]
SQL: INSERT INTO `b_users` (`wx_openid`) VALUES (1) [ RunTime:0.001651s ]
SQL: INSERT INTO `b_users` (`wx_openid`) VALUES (1) [ RunTime:0.001595s ]
SQL: INSERT INTO `b_users` (`wx_openid`) VALUES (1) [ RunTime:0.001559s ]
SQL: INSERT INTO `b_users` (`wx_openid`) VALUES (1) [ RunTime:0.001907s ]
SQL: INSERT INTO `b_users` (`wx_openid`) VALUES (1) [ RunTime:0.001656s ]
SQL: INSERT INTO `b_users` (`wx_openid`) VALUES (1) [ RunTime:0.001639s ]
SQL: INSERT INTO `b_users` (`wx_openid`) VALUES (1) [ RunTime:0.001488s ]
SQL: INSERT INTO `b_users` (`wx_openid`) VALUES (1) [ RunTime:0.001658s ]
SQL: INSERT INTO `b_users` (`wx_openid`) VALUES (1) [ RunTime:0.001502s ]
SQL: INSERT INTO `b_users` (`wx_openid`) VALUES (1) [ RunTime:0.001838s ]
SQL: INSERT INTO `b_users` (`wx_openid`) VALUES (1) [ RunTime:0.001558s ]
SQL: INSERT INTO `b_users` (`wx_openid`) VALUES (1) [ RunTime:0.001828s ]
SQL: INSERT INTO `b_users` (`wx_openid`) VALUES (1) [ RunTime:0.001485s ]
SQL: INSERT INTO `b_users` (`wx_openid`) VALUES (1) [ RunTime:0.001463s ]
SQL: INSERT INTO `b_users` (`wx_openid`) VALUES (1) [ RunTime:0.001445s ]
SQL: INSERT INTO `b_users` (`wx_openid`) VALUES (1) [ RunTime:0.001612s ]
SQL: INSERT INTO `b_users` (`wx_openid`) VALUES (1) [ RunTime:0.002796s ]
SQL: INSERT INTO `b_users` (`wx_openid`) VALUES (1) [ RunTime:0.002778s ]
SQL: INSERT INTO `b_users` (`wx_openid`) VALUES (1) [ RunTime:0.001785s ]
SQL: INSERT INTO `b_users` (`wx_openid`) VALUES (1) [ RunTime:0.001520s ]
SQL: INSERT INTO `b_users` (`wx_openid`) VALUES (1) [ RunTime:0.001619s ]
SQL: INSERT INTO `b_users` (`wx_openid`) VALUES (1) [ RunTime:0.001553s ]
SQL: INSERT INTO `b_users` (`wx_openid`) VALUES (1) [ RunTime:0.001480s ]
SQL: INSERT INTO `b_users` (`wx_openid`) VALUES (1) [ RunTime:0.001460s ]
SQL: INSERT INTO `b_users` (`wx_openid`) VALUES (1) [ RunTime:0.001528s ]
SQL: INSERT INTO `b_users` (`wx_openid`) VALUES (1) [ RunTime:0.001529s ]
SQL: INSERT INTO `b_users` (`wx_openid`) VALUES (1) [ RunTime:0.001986s ]
SQL: INSERT INTO `b_users` (`wx_openid`) VALUES (1) [ RunTime:0.001473s ]
SQL: INSERT INTO `b_users` (`wx_openid`) VALUES (1) [ RunTime:0.001471s ]
SQL: INSERT INTO `b_users` (`wx_openid`) VALUES (1) [ RunTime:0.001494s ]
SQL: INSERT INTO `b_users` (`wx_openid`) VALUES (1) [ RunTime:0.001530s ]
SQL: INSERT INTO `b_users` (`wx_openid`) VALUES (1) [ RunTime:0.001416s ]
SQL: INSERT INTO `b_users` (`wx_openid`) VALUES (1) [ RunTime:0.001494s ]
SQL: INSERT INTO `b_users` (`wx_openid`) VALUES (1) [ RunTime:0.001916s ]
SQL: INSERT INTO `b_users` (`wx_openid`) VALUES (1) [ RunTime:0.001547s ]
SQL: INSERT INTO `b_users` (`wx_openid`) VALUES (1) [ RunTime:0.001533s ]
SQL: INSERT INTO `b_users` (`wx_openid`) VALUES (1) [ RunTime:0.001523s ]
SQL: INSERT INTO `b_users` (`wx_openid`) VALUES (1) [ RunTime:0.001968s ]
SQL: INSERT INTO `b_users` (`wx_openid`) VALUES (1) [ RunTime:0.001648s ]
SQL: INSERT INTO `b_users` (`wx_openid`) VALUES (1) [ RunTime:0.001634s ]
SQL: INSERT INTO `b_users` (`wx_openid`) VALUES (1) [ RunTime:0.001535s ]
SQL: INSERT INTO `b_users` (`wx_openid`) VALUES (1) [ RunTime:0.002100s ]
SQL: INSERT INTO `b_users` (`wx_openid`) VALUES (1) [ RunTime:0.002376s ]
SQL: INSERT INTO `b_users` (`wx_openid`) VALUES (1) [ RunTime:0.004008s ]
SQL: INSERT INTO `b_users` (`wx_openid`) VALUES (1) [ RunTime:0.001684s ]
SQL: INSERT INTO `b_users` (`wx_openid`) VALUES (1) [ RunTime:0.003210s ]
SQL: INSERT INTO `b_users` (`wx_openid`) VALUES (1) [ RunTime:0.001560s ]
SQL: INSERT INTO `b_users` (`wx_openid`) VALUES (1) [ RunTime:0.004500s ]
SQL: INSERT INTO `b_users` (`wx_openid`) VALUES (1) [ RunTime:0.003366s ]
SQL: INSERT INTO `b_users` (`wx_openid`) VALUES (1) [ RunTime:0.003281s ]
SQL: INSERT INTO `b_users` (`wx_openid`) VALUES (1) [ RunTime:0.001706s ]
SQL: INSERT INTO `b_users` (`wx_openid`) VALUES (1) [ RunTime:0.002906s ]
SQL: INSERT INTO `b_users` (`wx_openid`) VALUES (1) [ RunTime:0.001648s ]
SQL: INSERT INTO `b_users` (`wx_openid`) VALUES (1) [ RunTime:0.001585s ]
SQL: INSERT INTO `b_users` (`wx_openid`) VALUES (1) [ RunTime:0.001484s ]
SQL: INSERT INTO `b_users` (`wx_openid`) VALUES (1) [ RunTime:0.001589s ]
SQL: INSERT INTO `b_users` (`wx_openid`) VALUES (1) [ RunTime:0.002407s ]
SQL: INSERT INTO `b_users` (`wx_openid`) VALUES (1) [ RunTime:0.001740s ]
SQL: INSERT INTO `b_users` (`wx_openid`) VALUES (1) [ RunTime:0.001549s ]
SQL: INSERT INTO `b_users` (`wx_openid`) VALUES (1) [ RunTime:0.001681s ]
SQL: INSERT INTO `b_users` (`wx_openid`) VALUES (1) [ RunTime:0.002299s ]
SQL: INSERT INTO `b_users` (`wx_openid`) VALUES (1) [ RunTime:0.001669s ]
SQL: INSERT INTO `b_users` (`wx_openid`) VALUES (1) [ RunTime:0.001601s ]
SQL: INSERT INTO `b_users` (`wx_openid`) VALUES (1) [ RunTime:0.002012s ]
SQL: INSERT INTO `b_users` (`wx_openid`) VALUES (1) [ RunTime:0.001629s ]
SQL: INSERT INTO `b_users` (`wx_openid`) VALUES (1) [ RunTime:0.010454s ]
SQL: INSERT INTO `b_users` (`wx_openid`) VALUES (1) [ RunTime:0.003436s ]
SQL: INSERT INTO `b_users` (`wx_openid`) VALUES (1) [ RunTime:0.002408s ]
SQL: INSERT INTO `b_users` (`wx_openid`) VALUES (1) [ RunTime:0.002892s ]
SQL: INSERT INTO `b_users` (`wx_openid`) VALUES (1) [ RunTime:0.002076s ]
SQL: INSERT INTO `b_users` (`wx_openid`) VALUES (1) [ RunTime:0.003578s ]
SQL: INSERT INTO `b_users` (`wx_openid`) VALUES (1) [ RunTime:0.002612s ]
SQL: INSERT INTO `b_users` (`wx_openid`) VALUES (1) [ RunTime:0.001582s ]
SQL: INSERT INTO `b_users` (`wx_openid`) VALUES (1) [ RunTime:0.001691s ]
SQL: INSERT INTO `b_users` (`wx_openid`) VALUES (1) [ RunTime:0.001514s ]
SQL: INSERT INTO `b_users` (`wx_openid`) VALUES (1) [ RunTime:0.004687s ]
SQL: INSERT INTO `b_users` (`wx_openid`) VALUES (1) [ RunTime:0.001625s ]
SQL: INSERT INTO `b_users` (`wx_openid`) VALUES (1) [ RunTime:0.001713s ]
SQL: INSERT INTO `b_users` (`wx_openid`) VALUES (1) [ RunTime:0.002015s ]
SQL: INSERT INTO `b_users` (`wx_openid`) VALUES (1) [ RunTime:0.001611s ]
SQL: INSERT INTO `b_users` (`wx_openid`) VALUES (1) [ RunTime:0.003376s ]
SQL: INSERT INTO `b_users` (`wx_openid`) VALUES (1) [ RunTime:0.001627s ]
SQL: INSERT INTO `b_users` (`wx_openid`) VALUES (1) [ RunTime:0.001435s ]
SQL: INSERT INTO `b_users` (`wx_openid`) VALUES (1) [ RunTime:0.001767s ]
SQL: INSERT INTO `b_users` (`wx_openid`) VALUES (1) [ RunTime:0.001624s ]
SQL: INSERT INTO `b_users` (`wx_openid`) VALUES (1) [ RunTime:0.002611s ]
SQL: INSERT INTO `b_users` (`wx_openid`) VALUES (1) [ RunTime:0.002076s ]
SQL: INSERT INTO `b_users` (`wx_openid`) VALUES (1) [ RunTime:0.002327s ]
SQL: INSERT INTO `b_users` (`wx_openid`) VALUES (1) [ RunTime:0.001734s ]
SQL: INSERT INTO `b_users` (`wx_openid`) VALUES (1) [ RunTime:0.004304s ]
SQL: INSERT INTO `b_users` (`wx_openid`) VALUES (1) [ RunTime:0.004723s ]
SQL: INSERT INTO `b_users` (`wx_openid`) VALUES (1) [ RunTime:0.004575s ]
SQL: INSERT INTO `b_users` (`wx_openid`) VALUES (1) [ RunTime:0.001687s ]
SQL: INSERT INTO `b_users` (`wx_openid`) VALUES (1) [ RunTime:0.002032s ]
SQL: INSERT INTO `b_users` (`wx_openid`) VALUES (1) [ RunTime:0.004033s ]
SQL: INSERT INTO `b_users` (`wx_openid`) VALUES (1) [ RunTime:0.002717s ]
SQL: INSERT INTO `b_users` (`wx_openid`) VALUES (1) [ RunTime:0.001553s ]
SQL: INSERT INTO `b_users` (`wx_openid`) VALUES (1) [ RunTime:0.001766s ]
SQL: INSERT INTO `b_users` (`wx_openid`) VALUES (1) [ RunTime:0.001500s ]
SQL: INSERT INTO `b_users` (`wx_openid`) VALUES (1) [ RunTime:0.001631s ]
SQL: INSERT INTO `b_users` (`wx_openid`) VALUES (1) [ RunTime:0.001502s ]
SQL: INSERT INTO `b_users` (`wx_openid`) VALUES (1) [ RunTime:0.002986s ]
SQL: INSERT INTO `b_users` (`wx_openid`) VALUES (1) [ RunTime:0.001630s ]
SQL: INSERT INTO `b_users` (`wx_openid`) VALUES (1) [ RunTime:0.001581s ]
SQL: INSERT INTO `b_users` (`wx_openid`) VALUES (1) [ RunTime:0.001646s ]
SQL: INSERT INTO `b_users` (`wx_openid`) VALUES (1) [ RunTime:0.003633s ]
SQL: INSERT INTO `b_users` (`wx_openid`) VALUES (1) [ RunTime:0.003040s ]
SQL: INSERT INTO `b_users` (`wx_openid`) VALUES (1) [ RunTime:0.001544s ]
SQL: INSERT INTO `b_users` (`wx_openid`) VALUES (1) [ RunTime:0.002000s ]
SQL: INSERT INTO `b_users` (`wx_openid`) VALUES (1) [ RunTime:0.001576s ]
SQL: INSERT INTO `b_users` (`wx_openid`) VALUES (1) [ RunTime:0.001563s ]
SQL: INSERT INTO `b_users` (`wx_openid`) VALUES (1) [ RunTime:0.001485s ]
SQL: INSERT INTO `b_users` (`wx_openid`) VALUES (1) [ RunTime:0.001556s ]
SQL: INSERT INTO `b_users` (`wx_openid`) VALUES (1) [ RunTime:0.001540s ]
SQL: INSERT INTO `b_users` (`wx_openid`) VALUES (1) [ RunTime:0.001468s ]
SQL: INSERT INTO `b_users` (`wx_openid`) VALUES (1) [ RunTime:0.001909s ]
SQL: INSERT INTO `b_users` (`wx_openid`) VALUES (1) [ RunTime:0.001450s ]
SQL: INSERT INTO `b_users` (`wx_openid`) VALUES (1) [ RunTime:0.001637s ]
SQL: INSERT INTO `b_users` (`wx_openid`) VALUES (1) [ RunTime:0.001625s ]
SQL: INSERT INTO `b_users` (`wx_openid`) VALUES (1) [ RunTime:0.001556s ]
SQL: INSERT INTO `b_users` (`wx_openid`) VALUES (1) [ RunTime:0.001566s ]
SQL: INSERT INTO `b_users` (`wx_openid`) VALUES (1) [ RunTime:0.001607s ]
SQL: INSERT INTO `b_users` (`wx_openid`) VALUES (1) [ RunTime:0.001576s ]
SQL: INSERT INTO `b_users` (`wx_openid`) VALUES (1) [ RunTime:0.001997s ]
SQL: INSERT INTO `b_users` (`wx_openid`) VALUES (1) [ RunTime:0.001716s ]
SQL: INSERT INTO `b_users` (`wx_openid`) VALUES (1) [ RunTime:0.004744s ]
SQL: INSERT INTO `b_users` (`wx_openid`) VALUES (1) [ RunTime:0.003016s ]
SQL: INSERT INTO `b_users` (`wx_openid`) VALUES (1) [ RunTime:0.003074s ]
SQL: INSERT INTO `b_users` (`wx_openid`) VALUES (1) [ RunTime:0.005878s ]
SQL: INSERT INTO `b_users` (`wx_openid`) VALUES (1) [ RunTime:0.003754s ]
SQL: INSERT INTO `b_users` (`wx_openid`) VALUES (1) [ RunTime:0.007261s ]
SQL: INSERT INTO `b_users` (`wx_openid`) VALUES (1) [ RunTime:0.001847s ]
SQL: INSERT INTO `b_users` (`wx_openid`) VALUES (1) [ RunTime:0.003165s ]
SQL: INSERT INTO `b_users` (`wx_openid`) VALUES (1) [ RunTime:0.003119s ]
SQL: INSERT INTO `b_users` (`wx_openid`) VALUES (1) [ RunTime:0.003126s ]
SQL: INSERT INTO `b_users` (`wx_openid`) VALUES (1) [ RunTime:0.004628s ]
SQL: INSERT INTO `b_users` (`wx_openid`) VALUES (1) [ RunTime:0.002413s ]
SQL: INSERT INTO `b_users` (`wx_openid`) VALUES (1) [ RunTime:0.001638s ]
SQL: INSERT INTO `b_users` (`wx_openid`) VALUES (1) [ RunTime:0.002180s ]
SQL: INSERT INTO `b_users` (`wx_openid`) VALUES (1) [ RunTime:0.001577s ]
SQL: INSERT INTO `b_users` (`wx_openid`) VALUES (1) [ RunTime:0.001517s ]
SQL: INSERT INTO `b_users` (`wx_openid`) VALUES (1) [ RunTime:0.001605s ]
SQL: INSERT INTO `b_users` (`wx_openid`) VALUES (1) [ RunTime:0.001736s ]
SQL: INSERT INTO `b_users` (`wx_openid`) VALUES (1) [ RunTime:0.001616s ]
SQL: INSERT INTO `b_users` (`wx_openid`) VALUES (1) [ RunTime:0.001520s ]
SQL: INSERT INTO `b_users` (`wx_openid`) VALUES (1) [ RunTime:0.001977s ]
SQL: INSERT INTO `b_users` (`wx_openid`) VALUES (1) [ RunTime:0.001516s ]
SQL: INSERT INTO `b_users` (`wx_openid`) VALUES (1) [ RunTime:0.001524s ]
SQL: INSERT INTO `b_users` (`wx_openid`) VALUES (1) [ RunTime:0.001504s ]
SQL: INSERT INTO `b_users` (`wx_openid`) VALUES (1) [ RunTime:0.001595s ]
SQL: INSERT INTO `b_users` (`wx_openid`) VALUES (1) [ RunTime:0.001647s ]
SQL: INSERT INTO `b_users` (`wx_openid`) VALUES (1) [ RunTime:0.001683s ]
SQL: INSERT INTO `b_users` (`wx_openid`) VALUES (1) [ RunTime:0.001591s ]
SQL: INSERT INTO `b_users` (`wx_openid`) VALUES (1) [ RunTime:0.001988s ]
SQL: INSERT INTO `b_users` (`wx_openid`) VALUES (1) [ RunTime:0.001590s ]
SQL: INSERT INTO `b_users` (`wx_openid`) VALUES (1) [ RunTime:0.001510s ]
SQL: INSERT INTO `b_users` (`wx_openid`) VALUES (1) [ RunTime:0.001686s ]
SQL: INSERT INTO `b_users` (`wx_openid`) VALUES (1) [ RunTime:0.001497s ]
SQL: INSERT INTO `b_users` (`wx_openid`) VALUES (1) [ RunTime:0.001526s ]
SQL: INSERT INTO `b_users` (`wx_openid`) VALUES (1) [ RunTime:0.001524s ]
SQL: INSERT INTO `b_users` (`wx_openid`) VALUES (1) [ RunTime:0.001916s ]
SQL: INSERT INTO `b_users` (`wx_openid`) VALUES (1) [ RunTime:0.001612s ]
SQL: INSERT INTO `b_users` (`wx_openid`) VALUES (1) [ RunTime:0.001443s ]
SQL: INSERT INTO `b_users` (`wx_openid`) VALUES (1) [ RunTime:0.001610s ]
SQL: INSERT INTO `b_users` (`wx_openid`) VALUES (1) [ RunTime:0.001786s ]
SQL: INSERT INTO `b_users` (`wx_openid`) VALUES (1) [ RunTime:0.001599s ]
SQL: INSERT INTO `b_users` (`wx_openid`) VALUES (1) [ RunTime:0.001467s ]
SQL: INSERT INTO `b_users` (`wx_openid`) VALUES (1) [ RunTime:0.001485s ]
SQL: INSERT INTO `b_users` (`wx_openid`) VALUES (1) [ RunTime:0.002025s ]
SQL: INSERT INTO `b_users` (`wx_openid`) VALUES (1) [ RunTime:0.001517s ]
SQL: INSERT INTO `b_users` (`wx_openid`) VALUES (1) [ RunTime:0.001729s ]
SQL: INSERT INTO `b_users` (`wx_openid`) VALUES (1) [ RunTime:0.002919s ]
SQL: INSERT INTO `b_users` (`wx_openid`) VALUES (1) [ RunTime:0.003693s ]
SQL: INSERT INTO `b_users` (`wx_openid`) VALUES (1) [ RunTime:0.001811s ]
SQL: INSERT INTO `b_users` (`wx_openid`) VALUES (1) [ RunTime:0.001657s ]
SQL: INSERT INTO `b_users` (`wx_openid`) VALUES (1) [ RunTime:0.004795s ]
SQL: INSERT INTO `b_users` (`wx_openid`) VALUES (1) [ RunTime:0.002265s ]
SQL: INSERT INTO `b_users` (`wx_openid`) VALUES (1) [ RunTime:0.002423s ]
SQL: INSERT INTO `b_users` (`wx_openid`) VALUES (1) [ RunTime:0.004405s ]
SQL: INSERT INTO `b_users` (`wx_openid`) VALUES (1) [ RunTime:0.001663s ]
SQL: INSERT INTO `b_users` (`wx_openid`) VALUES (1) [ RunTime:0.001592s ]
SQL: INSERT INTO `b_users` (`wx_openid`) VALUES (1) [ RunTime:0.001595s ]
SQL: INSERT INTO `b_users` (`wx_openid`) VALUES (1) [ RunTime:0.001619s ]
SQL: INSERT INTO `b_users` (`wx_openid`) VALUES (1) [ RunTime:0.006215s ]
SQL: INSERT INTO `b_users` (`wx_openid`) VALUES (1) [ RunTime:0.003651s ]
SQL: INSERT INTO `b_users` (`wx_openid`) VALUES (1) [ RunTime:0.001852s ]
SQL: INSERT INTO `b_users` (`wx_openid`) VALUES (1) [ RunTime:0.001680s ]
SQL: INSERT INTO `b_users` (`wx_openid`) VALUES (1) [ RunTime:0.002084s ]
SQL: INSERT INTO `b_users` (`wx_openid`) VALUES (1) [ RunTime:0.001622s ]
SQL: INSERT INTO `b_users` (`wx_openid`) VALUES (1) [ RunTime:0.001638s ]
SQL: INSERT INTO `b_users` (`wx_openid`) VALUES (1) [ RunTime:0.002090s ]
SQL: INSERT INTO `b_users` (`wx_openid`) VALUES (1) [ RunTime:0.001692s ]
SQL: INSERT INTO `b_users` (`wx_openid`) VALUES (1) [ RunTime:0.001471s ]
SQL: INSERT INTO `b_users` (`wx_openid`) VALUES (1) [ RunTime:0.000710s ]
SQL: INSERT INTO `b_users` (`wx_openid`) VALUES (1) [ RunTime:0.001615s ]
SQL: INSERT INTO `b_users` (`wx_openid`) VALUES (1) [ RunTime:0.001642s ]
SQL: INSERT INTO `b_users` (`wx_openid`) VALUES (1) [ RunTime:0.001666s ]
SQL: INSERT INTO `b_users` (`wx_openid`) VALUES (1) [ RunTime:0.001467s ]
SQL: INSERT INTO `b_users` (`wx_openid`) VALUES (1) [ RunTime:0.002227s ]
SQL: INSERT INTO `b_users` (`wx_openid`) VALUES (1) [ RunTime:0.001643s ]
SQL: INSERT INTO `b_users` (`wx_openid`) VALUES (1) [ RunTime:0.001673s ]
SQL: INSERT INTO `b_users` (`wx_openid`) VALUES (1) [ RunTime:0.001472s ]
SQL: INSERT INTO `b_users` (`wx_openid`) VALUES (1) [ RunTime:0.001683s ]
SQL: INSERT INTO `b_users` (`wx_openid`) VALUES (1) [ RunTime:0.001519s ]
SQL: INSERT INTO `b_users` (`wx_openid`) VALUES (1) [ RunTime:0.001527s ]
SQL: INSERT INTO `b_users` (`wx_openid`) VALUES (1) [ RunTime:0.002002s ]
SQL: INSERT INTO `b_users` (`wx_openid`) VALUES (1) [ RunTime:0.001491s ]
SQL: INSERT INTO `b_users` (`wx_openid`) VALUES (1) [ RunTime:0.001539s ]
SQL: INSERT INTO `b_users` (`wx_openid`) VALUES (1) [ RunTime:0.001643s ]
SQL: INSERT INTO `b_users` (`wx_openid`) VALUES (1) [ RunTime:0.001685s ]
SQL: INSERT INTO `b_users` (`wx_openid`) VALUES (1) [ RunTime:0.001375s ]
SQL: INSERT INTO `b_users` (`wx_openid`) VALUES (1) [ RunTime:0.001435s ]
SQL: INSERT INTO `b_users` (`wx_openid`) VALUES (1) [ RunTime:0.001828s ]
SQL: INSERT INTO `b_users` (`wx_openid`) VALUES (1) [ RunTime:0.001691s ]
SQL: INSERT INTO `b_users` (`wx_openid`) VALUES (1) [ RunTime:0.001648s ]
SQL: INSERT INTO `b_users` (`wx_openid`) VALUES (1) [ RunTime:0.001562s ]
SQL: INSERT INTO `b_users` (`wx_openid`) VALUES (1) [ RunTime:0.001543s ]
SQL: INSERT INTO `b_users` (`wx_openid`) VALUES (1) [ RunTime:0.001527s ]
SQL: INSERT INTO `b_users` (`wx_openid`) VALUES (1) [ RunTime:0.001556s ]
SQL: INSERT INTO `b_users` (`wx_openid`) VALUES (1) [ RunTime:0.001605s ]
SQL: INSERT INTO `b_users` (`wx_openid`) VALUES (1) [ RunTime:0.002162s ]
SQL: INSERT INTO `b_users` (`wx_openid`) VALUES (1) [ RunTime:0.001590s ]
SQL: INSERT INTO `b_users` (`wx_openid`) VALUES (1) [ RunTime:0.003711s ]
SQL: INSERT INTO `b_users` (`wx_openid`) VALUES (1) [ RunTime:0.001581s ]
SQL: INSERT INTO `b_users` (`wx_openid`) VALUES (1) [ RunTime:0.005140s ]
SQL: INSERT INTO `b_users` (`wx_openid`) VALUES (1) [ RunTime:0.001657s ]
SQL: INSERT INTO `b_users` (`wx_openid`) VALUES (1) [ RunTime:0.004478s ]
SQL: INSERT INTO `b_users` (`wx_openid`) VALUES (1) [ RunTime:0.002914s ]
SQL: INSERT INTO `b_users` (`wx_openid`) VALUES (1) [ RunTime:0.001820s ]
SQL: INSERT INTO `b_users` (`wx_openid`) VALUES (1) [ RunTime:0.001589s ]
SQL: INSERT INTO `b_users` (`wx_openid`) VALUES (1) [ RunTime:0.001545s ]
SQL: INSERT INTO `b_users` (`wx_openid`) VALUES (1) [ RunTime:0.001527s ]
SQL: INSERT INTO `b_users` (`wx_openid`) VALUES (1) [ RunTime:0.001598s ]
SQL: INSERT INTO `b_users` (`wx_openid`) VALUES (1) [ RunTime:0.001625s ]
SQL: INSERT INTO `b_users` (`wx_openid`) VALUES (1) [ RunTime:0.001420s ]
SQL: INSERT INTO `b_users` (`wx_openid`) VALUES (1) [ RunTime:0.001868s ]
SQL: INSERT INTO `b_users` (`wx_openid`) VALUES (1) [ RunTime:0.001760s ]
SQL: INSERT INTO `b_users` (`wx_openid`) VALUES (1) [ RunTime:0.001704s ]
SQL: INSERT INTO `b_users` (`wx_openid`) VALUES (1) [ RunTime:0.001696s ]
SQL: INSERT INTO `b_users` (`wx_openid`) VALUES (1) [ RunTime:0.001980s ]
SQL: INSERT INTO `b_users` (`wx_openid`) VALUES (1) [ RunTime:0.001717s ]
SQL: INSERT INTO `b_users` (`wx_openid`) VALUES (1) [ RunTime:0.001968s ]
SQL: INSERT INTO `b_users` (`wx_openid`) VALUES (1) [ RunTime:0.001918s ]
SQL: INSERT INTO `b_users` (`wx_openid`) VALUES (1) [ RunTime:0.001614s ]
SQL: INSERT INTO `b_users` (`wx_openid`) VALUES (1) [ RunTime:0.001734s ]
SQL: INSERT INTO `b_users` (`wx_openid`) VALUES (1) [ RunTime:0.001546s ]
SQL: INSERT INTO `b_users` (`wx_openid`) VALUES (1) [ RunTime:0.001555s ]
SQL: INSERT INTO `b_users` (`wx_openid`) VALUES (1) [ RunTime:0.001497s ]
SQL: INSERT INTO `b_users` (`wx_openid`) VALUES (1) [ RunTime:0.001873s ]
SQL: INSERT INTO `b_users` (`wx_openid`) VALUES (1) [ RunTime:0.001494s ]
SQL: INSERT INTO `b_users` (`wx_openid`) VALUES (1) [ RunTime:0.001927s ]
SQL: INSERT INTO `b_users` (`wx_openid`) VALUES (1) [ RunTime:0.001468s ]
SQL: INSERT INTO `b_users` (`wx_openid`) VALUES (1) [ RunTime:0.001844s ]
SQL: INSERT INTO `b_users` (`wx_openid`) VALUES (1) [ RunTime:0.001651s ]
SQL: INSERT INTO `b_users` (`wx_openid`) VALUES (1) [ RunTime:0.001538s ]
SQL: INSERT INTO `b_users` (`wx_openid`) VALUES (1) [ RunTime:0.001538s ]
SQL: INSERT INTO `b_users` (`wx_openid`) VALUES (1) [ RunTime:0.001563s ]
SQL: INSERT INTO `b_users` (`wx_openid`) VALUES (1) [ RunTime:0.001852s ]
SQL: INSERT INTO `b_users` (`wx_openid`) VALUES (1) [ RunTime:0.001548s ]
SQL: INSERT INTO `b_users` (`wx_openid`) VALUES (1) [ RunTime:0.001611s ]
SQL: INSERT INTO `b_users` (`wx_openid`) VALUES (1) [ RunTime:0.001828s ]
SQL: INSERT INTO `b_users` (`wx_openid`) VALUES (1) [ RunTime:0.001537s ]
SQL: INSERT INTO `b_users` (`wx_openid`) VALUES (1) [ RunTime:0.001660s ]
SQL: INSERT INTO `b_users` (`wx_openid`) VALUES (1) [ RunTime:0.001519s ]
SQL: INSERT INTO `b_users` (`wx_openid`) VALUES (1) [ RunTime:0.001757s ]
SQL: INSERT INTO `b_users` (`wx_openid`) VALUES (1) [ RunTime:0.001996s ]
SQL: INSERT INTO `b_users` (`wx_openid`) VALUES (1) [ RunTime:0.001581s ]
SQL: INSERT INTO `b_users` (`wx_openid`) VALUES (1) [ RunTime:0.001529s ]
SQL: INSERT INTO `b_users` (`wx_openid`) VALUES (1) [ RunTime:0.001939s ]
SQL: INSERT INTO `b_users` (`wx_openid`) VALUES (1) [ RunTime:0.001617s ]
SQL: INSERT INTO `b_users` (`wx_openid`) VALUES (1) [ RunTime:0.001616s ]
SQL: INSERT INTO `b_users` (`wx_openid`) VALUES (1) [ RunTime:0.001664s ]
SQL: INSERT INTO `b_users` (`wx_openid`) VALUES (1) [ RunTime:0.002171s ]
SQL: INSERT INTO `b_users` (`wx_openid`) VALUES (1) [ RunTime:0.009077s ]
SQL: INSERT INTO `b_users` (`wx_openid`) VALUES (1) [ RunTime:0.001850s ]
SQL: INSERT INTO `b_users` (`wx_openid`) VALUES (1) [ RunTime:0.001976s ]
SQL: INSERT INTO `b_users` (`wx_openid`) VALUES (1) [ RunTime:0.002665s ]
SQL: INSERT INTO `b_users` (`wx_openid`) VALUES (1) [ RunTime:0.001636s ]
SQL: INSERT INTO `b_users` (`wx_openid`) VALUES (1) [ RunTime:0.001524s ]
SQL: INSERT INTO `b_users` (`wx_openid`) VALUES (1) [ RunTime:0.001933s ]
SQL: INSERT INTO `b_users` (`wx_openid`) VALUES (1) [ RunTime:0.002217s ]
SQL: INSERT INTO `b_users` (`wx_openid`) VALUES (1) [ RunTime:0.001556s ]
SQL: INSERT INTO `b_users` (`wx_openid`) VALUES (1) [ RunTime:0.002414s ]
SQL: INSERT INTO `b_users` (`wx_openid`) VALUES (1) [ RunTime:0.001978s ]
SQL: INSERT INTO `b_users` (`wx_openid`) VALUES (1) [ RunTime:0.002817s ]
SQL: INSERT INTO `b_users` (`wx_openid`) VALUES (1) [ RunTime:0.002059s ]
SQL: INSERT INTO `b_users` (`wx_openid`) VALUES (1) [ RunTime:0.001794s ]
SQL: INSERT INTO `b_users` (`wx_openid`) VALUES (1) [ RunTime:0.001974s ]
SQL: INSERT INTO `b_users` (`wx_openid`) VALUES (1) [ RunTime:0.002097s ]
SQL: INSERT INTO `b_users` (`wx_openid`) VALUES (1) [ RunTime:0.001595s ]
SQL: INSERT INTO `b_users` (`wx_openid`) VALUES (1) [ RunTime:0.001848s ]
SQL: INSERT INTO `b_users` (`wx_openid`) VALUES (1) [ RunTime:0.001761s ]
SQL: INSERT INTO `b_users` (`wx_openid`) VALUES (1) [ RunTime:0.001554s ]
SQL: INSERT INTO `b_users` (`wx_openid`) VALUES (1) [ RunTime:0.001532s ]
SQL: INSERT INTO `b_users` (`wx_openid`) VALUES (1) [ RunTime:0.001784s ]
SQL: INSERT INTO `b_users` (`wx_openid`) VALUES (1) [ RunTime:0.002087s ]
SQL: INSERT INTO `b_users` (`wx_openid`) VALUES (1) [ RunTime:0.001734s ]
SQL: INSERT INTO `b_users` (`wx_openid`) VALUES (1) [ RunTime:0.001683s ]
SQL: INSERT INTO `b_users` (`wx_openid`) VALUES (1) [ RunTime:0.001845s ]
SQL: INSERT INTO `b_users` (`wx_openid`) VALUES (1) [ RunTime:0.001596s ]
SQL: INSERT INTO `b_users` (`wx_openid`) VALUES (1) [ RunTime:0.001528s ]
SQL: INSERT INTO `b_users` (`wx_openid`) VALUES (1) [ RunTime:0.001773s ]
SQL: INSERT INTO `b_users` (`wx_openid`) VALUES (1) [ RunTime:0.001969s ]
SQL: INSERT INTO `b_users` (`wx_openid`) VALUES (1) [ RunTime:0.001600s ]
SQL: INSERT INTO `b_users` (`wx_openid`) VALUES (1) [ RunTime:0.001671s ]
SQL: INSERT INTO `b_users` (`wx_openid`) VALUES (1) [ RunTime:0.001586s ]
SQL: INSERT INTO `b_users` (`wx_openid`) VALUES (1) [ RunTime:0.001506s ]
SQL: INSERT INTO `b_users` (`wx_openid`) VALUES (1) [ RunTime:0.001556s ]
SQL: INSERT INTO `b_users` (`wx_openid`) VALUES (1) [ RunTime:0.001641s ]
SQL: INSERT INTO `b_users` (`wx_openid`) VALUES (1) [ RunTime:0.001528s ]
SQL: INSERT INTO `b_users` (`wx_openid`) VALUES (1) [ RunTime:0.001979s ]
SQL: INSERT INTO `b_users` (`wx_openid`) VALUES (1) [ RunTime:0.001575s ]
SQL: INSERT INTO `b_users` (`wx_openid`) VALUES (1) [ RunTime:0.001534s ]
SQL: INSERT INTO `b_users` (`wx_openid`) VALUES (1) [ RunTime:0.001584s ]
SQL: INSERT INTO `b_users` (`wx_openid`) VALUES (1) [ RunTime:0.001520s ]
SQL: INSERT INTO `b_users` (`wx_openid`) VALUES (1) [ RunTime:0.001879s ]
SQL: INSERT INTO `b_users` (`wx_openid`) VALUES (1) [ RunTime:0.001709s ]
SQL: INSERT INTO `b_users` (`wx_openid`) VALUES (1) [ RunTime:0.002116s ]
SQL: INSERT INTO `b_users` (`wx_openid`) VALUES (1) [ RunTime:0.002155s ]
SQL: INSERT INTO `b_users` (`wx_openid`) VALUES (1) [ RunTime:0.002477s ]
SQL: INSERT INTO `b_users` (`wx_openid`) VALUES (1) [ RunTime:0.001928s ]
SQL: INSERT INTO `b_users` (`wx_openid`) VALUES (1) [ RunTime:0.002252s ]
SQL: INSERT INTO `b_users` (`wx_openid`) VALUES (1) [ RunTime:0.001977s ]
SQL: INSERT INTO `b_users` (`wx_openid`) VALUES (1) [ RunTime:0.001860s ]
SQL: INSERT INTO `b_users` (`wx_openid`) VALUES (1) [ RunTime:0.002894s ]
SQL: INSERT INTO `b_users` (`wx_openid`) VALUES (1) [ RunTime:0.001734s ]
SQL: INSERT INTO `b_users` (`wx_openid`) VALUES (1) [ RunTime:0.001668s ]
SQL: INSERT INTO `b_users` (`wx_openid`) VALUES (1) [ RunTime:0.001679s ]
SQL: INSERT INTO `b_users` (`wx_openid`) VALUES (1) [ RunTime:0.001783s ]
SQL: INSERT INTO `b_users` (`wx_openid`) VALUES (1) [ RunTime:0.001755s ]
SQL: INSERT INTO `b_users` (`wx_openid`) VALUES (1) [ RunTime:0.001694s ]
SQL: INSERT INTO `b_users` (`wx_openid`) VALUES (1) [ RunTime:0.001625s ]
SQL: INSERT INTO `b_users` (`wx_openid`) VALUES (1) [ RunTime:0.001973s ]
SQL: INSERT INTO `b_users` (`wx_openid`) VALUES (1) [ RunTime:0.003343s ]
SQL: INSERT INTO `b_users` (`wx_openid`) VALUES (1) [ RunTime:0.001689s ]
SQL: INSERT INTO `b_users` (`wx_openid`) VALUES (1) [ RunTime:0.001611s ]
SQL: INSERT INTO `b_users` (`wx_openid`) VALUES (1) [ RunTime:0.001583s ]
SQL: INSERT INTO `b_users` (`wx_openid`) VALUES (1) [ RunTime:0.001633s ]
SQL: INSERT INTO `b_users` (`wx_openid`) VALUES (1) [ RunTime:0.001840s ]
SQL: INSERT INTO `b_users` (`wx_openid`) VALUES (1) [ RunTime:0.007078s ]
SQL: INSERT INTO `b_users` (`wx_openid`) VALUES (1) [ RunTime:0.001729s ]
SQL: INSERT INTO `b_users` (`wx_openid`) VALUES (1) [ RunTime:0.001763s ]
SQL: INSERT INTO `b_users` (`wx_openid`) VALUES (1) [ RunTime:0.001661s ]
SQL: INSERT INTO `b_users` (`wx_openid`) VALUES (1) [ RunTime:0.001680s ]
SQL: INSERT INTO `b_users` (`wx_openid`) VALUES (1) [ RunTime:0.001526s ]
SQL: INSERT INTO `b_users` (`wx_openid`) VALUES (1) [ RunTime:0.001634s ]
SQL: INSERT INTO `b_users` (`wx_openid`) VALUES (1) [ RunTime:0.001560s ]
SQL: INSERT INTO `b_users` (`wx_openid`) VALUES (1) [ RunTime:0.001987s ]
SQL: INSERT INTO `b_users` (`wx_openid`) VALUES (1) [ RunTime:0.001656s ]
SQL: INSERT INTO `b_users` (`wx_openid`) VALUES (1) [ RunTime:0.001713s ]
SQL: INSERT INTO `b_users` (`wx_openid`) VALUES (1) [ RunTime:0.001589s ]
SQL: INSERT INTO `b_users` (`wx_openid`) VALUES (1) [ RunTime:0.001522s ]
SQL: INSERT INTO `b_users` (`wx_openid`) VALUES (1) [ RunTime:0.001562s ]
SQL: INSERT INTO `b_users` (`wx_openid`) VALUES (1) [ RunTime:0.001615s ]
SQL: INSERT INTO `b_users` (`wx_openid`) VALUES (1) [ RunTime:0.001954s ]
SQL: INSERT INTO `b_users` (`wx_openid`) VALUES (1) [ RunTime:0.001472s ]
SQL: INSERT INTO `b_users` (`wx_openid`) VALUES (1) [ RunTime:0.001538s ]
SQL: INSERT INTO `b_users` (`wx_openid`) VALUES (1) [ RunTime:0.001590s ]
SQL: INSERT INTO `b_users` (`wx_openid`) VALUES (1) [ RunTime:0.001483s ]
SQL: INSERT INTO `b_users` (`wx_openid`) VALUES (1) [ RunTime:0.001388s ]
SQL: INSERT INTO `b_users` (`wx_openid`) VALUES (1) [ RunTime:0.001756s ]
SQL: INSERT INTO `b_users` (`wx_openid`) VALUES (1) [ RunTime:0.001642s ]
SQL: INSERT INTO `b_users` (`wx_openid`) VALUES (1) [ RunTime:0.002156s ]
SQL: INSERT INTO `b_users` (`wx_openid`) VALUES (1) [ RunTime:0.001535s ]
SQL: INSERT INTO `b_users` (`wx_openid`) VALUES (1) [ RunTime:0.001521s ]
SQL: INSERT INTO `b_users` (`wx_openid`) VALUES (1) [ RunTime:0.001428s ]
SQL: INSERT INTO `b_users` (`wx_openid`) VALUES (1) [ RunTime:0.001537s ]
SQL: INSERT INTO `b_users` (`wx_openid`) VALUES (1) [ RunTime:0.001573s ]
SQL: INSERT INTO `b_users` (`wx_openid`) VALUES (1) [ RunTime:0.001586s ]
SQL: INSERT INTO `b_users` (`wx_openid`) VALUES (1) [ RunTime:0.002523s ]
SQL: INSERT INTO `b_users` (`wx_openid`) VALUES (1) [ RunTime:0.001588s ]
SQL: INSERT INTO `b_users` (`wx_openid`) VALUES (1) [ RunTime:0.001534s ]
SQL: INSERT INTO `b_users` (`wx_openid`) VALUES (1) [ RunTime:0.001520s ]
SQL: INSERT INTO `b_users` (`wx_openid`) VALUES (1) [ RunTime:0.001421s ]
SQL: INSERT INTO `b_users` (`wx_openid`) VALUES (1) [ RunTime:0.001403s ]
SQL: INSERT INTO `b_users` (`wx_openid`) VALUES (1) [ RunTime:0.001419s ]
SQL: INSERT INTO `b_users` (`wx_openid`) VALUES (1) [ RunTime:0.001476s ]
SQL: INSERT INTO `b_users` (`wx_openid`) VALUES (1) [ RunTime:0.006077s ]
SQL: INSERT INTO `b_users` (`wx_openid`) VALUES (1) [ RunTime:0.001526s ]
SQL: INSERT INTO `b_users` (`wx_openid`) VALUES (1) [ RunTime:0.005385s ]
SQL: INSERT INTO `b_users` (`wx_openid`) VALUES (1) [ RunTime:0.001674s ]
SQL: INSERT INTO `b_users` (`wx_openid`) VALUES (1) [ RunTime:0.001483s ]
SQL: INSERT INTO `b_users` (`wx_openid`) VALUES (1) [ RunTime:0.001495s ]
SQL: INSERT INTO `b_users` (`wx_openid`) VALUES (1) [ RunTime:0.001537s ]
SQL: INSERT INTO `b_users` (`wx_openid`) VALUES (1) [ RunTime:0.006032s ]
SQL: INSERT INTO `b_users` (`wx_openid`) VALUES (1) [ RunTime:0.001690s ]
SQL: INSERT INTO `b_users` (`wx_openid`) VALUES (1) [ RunTime:0.001702s ]
SQL: INSERT INTO `b_users` (`wx_openid`) VALUES (1) [ RunTime:0.001642s ]
SQL: INSERT INTO `b_users` (`wx_openid`) VALUES (1) [ RunTime:0.001503s ]
SQL: INSERT INTO `b_users` (`wx_openid`) VALUES (1) [ RunTime:0.001600s ]
SQL: INSERT INTO `b_users` (`wx_openid`) VALUES (1) [ RunTime:0.001613s ]
SQL: INSERT INTO `b_users` (`wx_openid`) VALUES (1) [ RunTime:0.002004s ]
SQL: INSERT INTO `b_users` (`wx_openid`) VALUES (1) [ RunTime:0.002129s ]
SQL: INSERT INTO `b_users` (`wx_openid`) VALUES (1) [ RunTime:0.001674s ]
SQL: INSERT INTO `b_users` (`wx_openid`) VALUES (1) [ RunTime:0.001670s ]
SQL: INSERT INTO `b_users` (`wx_openid`) VALUES (1) [ RunTime:0.001529s ]
SQL: INSERT INTO `b_users` (`wx_openid`) VALUES (1) [ RunTime:0.001459s ]
SQL: INSERT INTO `b_users` (`wx_openid`) VALUES (1) [ RunTime:0.001605s ]
SQL: INSERT INTO `b_users` (`wx_openid`) VALUES (1) [ RunTime:0.001771s ]
SQL: INSERT INTO `b_users` (`wx_openid`) VALUES (1) [ RunTime:0.001958s ]
SQL: INSERT INTO `b_users` (`wx_openid`) VALUES (1) [ RunTime:0.001692s ]
SQL: INSERT INTO `b_users` (`wx_openid`) VALUES (1) [ RunTime:0.001611s ]
SQL: INSERT INTO `b_users` (`wx_openid`) VALUES (1) [ RunTime:0.001701s ]
SQL: INSERT INTO `b_users` (`wx_openid`) VALUES (1) [ RunTime:0.001487s ]
SQL: INSERT INTO `b_users` (`wx_openid`) VALUES (1) [ RunTime:0.001445s ]
SQL: INSERT INTO `b_users` (`wx_openid`) VALUES (1) [ RunTime:0.001407s ]
SQL: INSERT INTO `b_users` (`wx_openid`) VALUES (1) [ RunTime:0.001543s ]
SQL: INSERT INTO `b_users` (`wx_openid`) VALUES (1) [ RunTime:0.002003s ]
SQL: INSERT INTO `b_users` (`wx_openid`) VALUES (1) [ RunTime:0.001524s ]
SQL: INSERT INTO `b_users` (`wx_openid`) VALUES (1) [ RunTime:0.001699s ]
SQL: INSERT INTO `b_users` (`wx_openid`) VALUES (1) [ RunTime:0.001514s ]
SQL: INSERT INTO `b_users` (`wx_openid`) VALUES (1) [ RunTime:0.001758s ]
SQL: INSERT INTO `b_users` (`wx_openid`) VALUES (1) [ RunTime:0.001602s ]
SQL: INSERT INTO `b_users` (`wx_openid`) VALUES (1) [ RunTime:0.001469s ]
SQL: INSERT INTO `b_users` (`wx_openid`) VALUES (1) [ RunTime:0.001896s ]
SQL: INSERT INTO `b_users` (`wx_openid`) VALUES (1) [ RunTime:0.001648s ]
SQL: INSERT INTO `b_users` (`wx_openid`) VALUES (1) [ RunTime:0.001502s ]
SQL: INSERT INTO `b_users` (`wx_openid`) VALUES (1) [ RunTime:0.001433s ]
SQL: INSERT INTO `b_users` (`wx_openid`) VALUES (1) [ RunTime:0.001518s ]
SQL: INSERT INTO `b_users` (`wx_openid`) VALUES (1) [ RunTime:0.001580s ]
SQL: INSERT INTO `b_users` (`wx_openid`) VALUES (1) [ RunTime:0.001394s ]
SQL: INSERT INTO `b_users` (`wx_openid`) VALUES (1) [ RunTime:0.001994s ]
SQL: INSERT INTO `b_users` (`wx_openid`) VALUES (1) [ RunTime:0.001386s ]
SQL: INSERT INTO `b_users` (`wx_openid`) VALUES (1) [ RunTime:0.001335s ]
SQL: INSERT INTO `b_users` (`wx_openid`) VALUES (1) [ RunTime:0.001355s ]
SQL: INSERT INTO `b_users` (`wx_openid`) VALUES (1) [ RunTime:0.001347s ]
SQL: INSERT INTO `b_users` (`wx_openid`) VALUES (1) [ RunTime:0.001579s ]
SQL: INSERT INTO `b_users` (`wx_openid`) VALUES (1) [ RunTime:0.001446s ]
SQL: INSERT INTO `b_users` (`wx_openid`) VALUES (1) [ RunTime:0.001527s ]
SQL: INSERT INTO `b_users` (`wx_openid`) VALUES (1) [ RunTime:0.002006s ]
SQL: INSERT INTO `b_users` (`wx_openid`) VALUES (1) [ RunTime:0.001437s ]
SQL: INSERT INTO `b_users` (`wx_openid`) VALUES (1) [ RunTime:0.001574s ]
SQL: INSERT INTO `b_users` (`wx_openid`) VALUES (1) [ RunTime:0.001537s ]
SQL: INSERT INTO `b_users` (`wx_openid`) VALUES (1) [ RunTime:0.001669s ]
SQL: INSERT INTO `b_users` (`wx_openid`) VALUES (1) [ RunTime:0.001796s ]
SQL: INSERT INTO `b_users` (`wx_openid`) VALUES (1) [ RunTime:0.001699s ]
SQL: INSERT INTO `b_users` (`wx_openid`) VALUES (1) [ RunTime:0.002049s ]
SQL: INSERT INTO `b_users` (`wx_openid`) VALUES (1) [ RunTime:0.001650s ]
SQL: INSERT INTO `b_users` (`wx_openid`) VALUES (1) [ RunTime:0.001714s ]
SQL: INSERT INTO `b_users` (`wx_openid`) VALUES (1) [ RunTime:0.001686s ]
SQL: INSERT INTO `b_users` (`wx_openid`) VALUES (1) [ RunTime:0.001606s ]
SQL: INSERT INTO `b_users` (`wx_openid`) VALUES (1) [ RunTime:0.001510s ]
SQL: INSERT INTO `b_users` (`wx_openid`) VALUES (1) [ RunTime:0.001612s ]
SQL: INSERT INTO `b_users` (`wx_openid`) VALUES (1) [ RunTime:0.002888s ]
SQL: INSERT INTO `b_users` (`wx_openid`) VALUES (1) [ RunTime:0.002114s ]
SQL: INSERT INTO `b_users` (`wx_openid`) VALUES (1) [ RunTime:0.001520s ]
SQL: INSERT INTO `b_users` (`wx_openid`) VALUES (1) [ RunTime:0.001591s ]
SQL: INSERT INTO `b_users` (`wx_openid`) VALUES (1) [ RunTime:0.001981s ]
SQL: INSERT INTO `b_users` (`wx_openid`) VALUES (1) [ RunTime:0.001541s ]
SQL: INSERT INTO `b_users` (`wx_openid`) VALUES (1) [ RunTime:0.001848s ]
SQL: INSERT INTO `b_users` (`wx_openid`) VALUES (1) [ RunTime:0.001655s ]
SQL: INSERT INTO `b_users` (`wx_openid`) VALUES (1) [ RunTime:0.002275s ]
SQL: INSERT INTO `b_users` (`wx_openid`) VALUES (1) [ RunTime:0.001662s ]
SQL: INSERT INTO `b_users` (`wx_openid`) VALUES (1) [ RunTime:0.002081s ]
SQL: INSERT INTO `b_users` (`wx_openid`) VALUES (1) [ RunTime:0.001897s ]
SQL: INSERT INTO `b_users` (`wx_openid`) VALUES (1) [ RunTime:0.001790s ]
SQL: INSERT INTO `b_users` (`wx_openid`) VALUES (1) [ RunTime:0.001803s ]
SQL: INSERT INTO `b_users` (`wx_openid`) VALUES (1) [ RunTime:0.001588s ]
SQL: INSERT INTO `b_users` (`wx_openid`) VALUES (1) [ RunTime:0.001590s ]
SQL: INSERT INTO `b_users` (`wx_openid`) VALUES (1) [ RunTime:0.002315s ]
SQL: INSERT INTO `b_users` (`wx_openid`) VALUES (1) [ RunTime:0.001643s ]
SQL: INSERT INTO `b_users` (`wx_openid`) VALUES (1) [ RunTime:0.001547s ]
SQL: INSERT INTO `b_users` (`wx_openid`) VALUES (1) [ RunTime:0.001502s ]
SQL: INSERT INTO `b_users` (`wx_openid`) VALUES (1) [ RunTime:0.001557s ]
SQL: INSERT INTO `b_users` (`wx_openid`) VALUES (1) [ RunTime:0.001449s ]
SQL: INSERT INTO `b_users` (`wx_openid`) VALUES (1) [ RunTime:0.001538s ]
SQL: INSERT INTO `b_users` (`wx_openid`) VALUES (1) [ RunTime:0.001785s ]
SQL: INSERT INTO `b_users` (`wx_openid`) VALUES (1) [ RunTime:0.001515s ]
SQL: INSERT INTO `b_users` (`wx_openid`) VALUES (1) [ RunTime:0.001607s ]
SQL: INSERT INTO `b_users` (`wx_openid`) VALUES (1) [ RunTime:0.001603s ]
SQL: INSERT INTO `b_users` (`wx_openid`) VALUES (1) [ RunTime:0.001513s ]
SQL: INSERT INTO `b_users` (`wx_openid`) VALUES (1) [ RunTime:0.001468s ]
SQL: INSERT INTO `b_users` (`wx_openid`) VALUES (1) [ RunTime:0.001519s ]
SQL: INSERT INTO `b_users` (`wx_openid`) VALUES (1) [ RunTime:0.001402s ]
SQL: INSERT INTO `b_users` (`wx_openid`) VALUES (1) [ RunTime:0.001847s ]
SQL: INSERT INTO `b_users` (`wx_openid`) VALUES (1) [ RunTime:0.001375s ]
SQL: INSERT INTO `b_users` (`wx_openid`) VALUES (1) [ RunTime:0.001491s ]
SQL: INSERT INTO `b_users` (`wx_openid`) VALUES (1) [ RunTime:0.001348s ]
SQL: INSERT INTO `b_users` (`wx_openid`) VALUES (1) [ RunTime:0.001419s ]
SQL: INSERT INTO `b_users` (`wx_openid`) VALUES (1) [ RunTime:0.001457s ]
SQL: INSERT INTO `b_users` (`wx_openid`) VALUES (1) [ RunTime:0.001536s ]
SQL: INSERT INTO `b_users` (`wx_openid`) VALUES (1) [ RunTime:0.001785s ]
SQL: INSERT INTO `b_users` (`wx_openid`) VALUES (1) [ RunTime:0.001424s ]
SQL: INSERT INTO `b_users` (`wx_openid`) VALUES (1) [ RunTime:0.001412s ]
SQL: INSERT INTO `b_users` (`wx_openid`) VALUES (1) [ RunTime:0.001469s ]
SQL: INSERT INTO `b_users` (`wx_openid`) VALUES (1) [ RunTime:0.001500s ]
SQL: INSERT INTO `b_users` (`wx_openid`) VALUES (1) [ RunTime:0.001485s ]
SQL: INSERT INTO `b_users` (`wx_openid`) VALUES (1) [ RunTime:0.001516s ]
SQL: INSERT INTO `b_users` (`wx_openid`) VALUES (1) [ RunTime:0.001613s ]
SQL: INSERT INTO `b_users` (`wx_openid`) VALUES (1) [ RunTime:0.001914s ]
SQL: INSERT INTO `b_users` (`wx_openid`) VALUES (1) [ RunTime:0.001592s ]
SQL: INSERT INTO `b_users` (`wx_openid`) VALUES (1) [ RunTime:0.001652s ]
SQL: INSERT INTO `b_users` (`wx_openid`) VALUES (1) [ RunTime:0.001521s ]
SQL: INSERT INTO `b_users` (`wx_openid`) VALUES (1) [ RunTime:0.001584s ]
SQL: INSERT INTO `b_users` (`wx_openid`) VALUES (1) [ RunTime:0.001665s ]
SQL: INSERT INTO `b_users` (`wx_openid`) VALUES (1) [ RunTime:0.001685s ]
SQL: INSERT INTO `b_users` (`wx_openid`) VALUES (1) [ RunTime:0.002231s ]
SQL: INSERT INTO `b_users` (`wx_openid`) VALUES (1) [ RunTime:0.001732s ]
SQL: INSERT INTO `b_users` (`wx_openid`) VALUES (1) [ RunTime:0.002924s ]
SQL: INSERT INTO `b_users` (`wx_openid`) VALUES (1) [ RunTime:0.002518s ]
SQL: INSERT INTO `b_users` (`wx_openid`) VALUES (1) [ RunTime:0.001718s ]
SQL: INSERT INTO `b_users` (`wx_openid`) VALUES (1) [ RunTime:0.002481s ]
SQL: INSERT INTO `b_users` (`wx_openid`) VALUES (1) [ RunTime:0.002025s ]
SQL: INSERT INTO `b_users` (`wx_openid`) VALUES (1) [ RunTime:0.001506s ]
SQL: INSERT INTO `b_users` (`wx_openid`) VALUES (1) [ RunTime:0.001895s ]
SQL: INSERT INTO `b_users` (`wx_openid`) VALUES (1) [ RunTime:0.001938s ]
SQL: INSERT INTO `b_users` (`wx_openid`) VALUES (1) [ RunTime:0.002483s ]
SQL: INSERT INTO `b_users` (`wx_openid`) VALUES (1) [ RunTime:0.001869s ]
SQL: INSERT INTO `b_users` (`wx_openid`) VALUES (1) [ RunTime:0.003013s ]
SQL: INSERT INTO `b_users` (`wx_openid`) VALUES (1) [ RunTime:0.001605s ]
SQL: INSERT INTO `b_users` (`wx_openid`) VALUES (1) [ RunTime:0.003319s ]
SQL: INSERT INTO `b_users` (`wx_openid`) VALUES (1) [ RunTime:0.003431s ]
SQL: INSERT INTO `b_users` (`wx_openid`) VALUES (1) [ RunTime:0.001728s ]
SQL: INSERT INTO `b_users` (`wx_openid`) VALUES (1) [ RunTime:0.002209s ]
SQL: INSERT INTO `b_users` (`wx_openid`) VALUES (1) [ RunTime:0.002104s ]
SQL: INSERT INTO `b_users` (`wx_openid`) VALUES (1) [ RunTime:0.001574s ]
SQL: INSERT INTO `b_users` (`wx_openid`) VALUES (1) [ RunTime:0.005306s ]
SQL: INSERT INTO `b_users` (`wx_openid`) VALUES (1) [ RunTime:0.001662s ]
SQL: INSERT INTO `b_users` (`wx_openid`) VALUES (1) [ RunTime:0.001500s ]
SQL: INSERT INTO `b_users` (`wx_openid`) VALUES (1) [ RunTime:0.001943s ]
SQL: INSERT INTO `b_users` (`wx_openid`) VALUES (1) [ RunTime:0.001582s ]
SQL: INSERT INTO `b_users` (`wx_openid`) VALUES (1) [ RunTime:0.001904s ]
SQL: INSERT INTO `b_users` (`wx_openid`) VALUES (1) [ RunTime:0.001606s ]
SQL: INSERT INTO `b_users` (`wx_openid`) VALUES (1) [ RunTime:0.001556s ]
SQL: INSERT INTO `b_users` (`wx_openid`) VALUES (1) [ RunTime:0.001629s ]
SQL: INSERT INTO `b_users` (`wx_openid`) VALUES (1) [ RunTime:0.001843s ]
SQL: INSERT INTO `b_users` (`wx_openid`) VALUES (1) [ RunTime:0.001471s ]
SQL: INSERT INTO `b_users` (`wx_openid`) VALUES (1) [ RunTime:0.001616s ]
SQL: INSERT INTO `b_users` (`wx_openid`) VALUES (1) [ RunTime:0.001826s ]
SQL: INSERT INTO `b_users` (`wx_openid`) VALUES (1) [ RunTime:0.001572s ]
SQL: INSERT INTO `b_users` (`wx_openid`) VALUES (1) [ RunTime:0.001572s ]
SQL: INSERT INTO `b_users` (`wx_openid`) VALUES (1) [ RunTime:0.001508s ]
SQL: INSERT INTO `b_users` (`wx_openid`) VALUES (1) [ RunTime:0.001927s ]
SQL: INSERT INTO `b_users` (`wx_openid`) VALUES (1) [ RunTime:0.001595s ]
SQL: INSERT INTO `b_users` (`wx_openid`) VALUES (1) [ RunTime:0.001982s ]
SQL: INSERT INTO `b_users` (`wx_openid`) VALUES (1) [ RunTime:0.001701s ]
SQL: INSERT INTO `b_users` (`wx_openid`) VALUES (1) [ RunTime:0.001773s ]
SQL: INSERT INTO `b_users` (`wx_openid`) VALUES (1) [ RunTime:0.001707s ]
SQL: INSERT INTO `b_users` (`wx_openid`) VALUES (1) [ RunTime:0.001677s ]
SQL: INSERT INTO `b_users` (`wx_openid`) VALUES (1) [ RunTime:0.002210s ]
SQL: INSERT INTO `b_users` (`wx_openid`) VALUES (1) [ RunTime:0.001730s ]
SQL: INSERT INTO `b_users` (`wx_openid`) VALUES (1) [ RunTime:0.001744s ]
SQL: INSERT INTO `b_users` (`wx_openid`) VALUES (1) [ RunTime:0.001888s ]
SQL: INSERT INTO `b_users` (`wx_openid`) VALUES (1) [ RunTime:0.001621s ]
SQL: INSERT INTO `b_users` (`wx_openid`) VALUES (1) [ RunTime:0.001674s ]
SQL: INSERT INTO `b_users` (`wx_openid`) VALUES (1) [ RunTime:0.001753s ]
SQL: INSERT INTO `b_users` (`wx_openid`) VALUES (1) [ RunTime:0.002043s ]
SQL: INSERT INTO `b_users` (`wx_openid`) VALUES (1) [ RunTime:0.002160s ]
SQL: INSERT INTO `b_users` (`wx_openid`) VALUES (1) [ RunTime:0.001816s ]
SQL: INSERT INTO `b_users` (`wx_openid`) VALUES (1) [ RunTime:0.001637s ]
SQL: INSERT INTO `b_users` (`wx_openid`) VALUES (1) [ RunTime:0.001807s ]
SQL: INSERT INTO `b_users` (`wx_openid`) VALUES (1) [ RunTime:0.001819s ]
SQL: INSERT INTO `b_users` (`wx_openid`) VALUES (1) [ RunTime:0.001623s ]
SQL: INSERT INTO `b_users` (`wx_openid`) VALUES (1) [ RunTime:0.001622s ]
SQL: INSERT INTO `b_users` (`wx_openid`) VALUES (1) [ RunTime:0.002113s ]
SQL: INSERT INTO `b_users` (`wx_openid`) VALUES (1) [ RunTime:0.002680s ]
SQL: INSERT INTO `b_users` (`wx_openid`) VALUES (1) [ RunTime:0.001661s ]
SQL: INSERT INTO `b_users` (`wx_openid`) VALUES (1) [ RunTime:0.001591s ]
SQL: INSERT INTO `b_users` (`wx_openid`) VALUES (1) [ RunTime:0.001804s ]
SQL: INSERT INTO `b_users` (`wx_openid`) VALUES (1) [ RunTime:0.004347s ]
SQL: INSERT INTO `b_users` (`wx_openid`) VALUES (1) [ RunTime:0.001592s ]
SQL: INSERT INTO `b_users` (`wx_openid`) VALUES (1) [ RunTime:0.006383s ]
SQL: INSERT INTO `b_users` (`wx_openid`) VALUES (1) [ RunTime:0.001621s ]
SQL: INSERT INTO `b_users` (`wx_openid`) VALUES (1) [ RunTime:0.001683s ]
SQL: INSERT INTO `b_users` (`wx_openid`) VALUES (1) [ RunTime:0.001737s ]
SQL: INSERT INTO `b_users` (`wx_openid`) VALUES (1) [ RunTime:0.003466s ]
SQL: INSERT INTO `b_users` (`wx_openid`) VALUES (1) [ RunTime:0.001556s ]
SQL: INSERT INTO `b_users` (`wx_openid`) VALUES (1) [ RunTime:0.001497s ]
SQL: INSERT INTO `b_users` (`wx_openid`) VALUES (1) [ RunTime:0.001724s ]
SQL: INSERT INTO `b_users` (`wx_openid`) VALUES (1) [ RunTime:0.001917s ]
SQL: INSERT INTO `b_users` (`wx_openid`) VALUES (1) [ RunTime:0.001519s ]
SQL: INSERT INTO `b_users` (`wx_openid`) VALUES (1) [ RunTime:0.001477s ]
SQL: INSERT INTO `b_users` (`wx_openid`) VALUES (1) [ RunTime:0.001612s ]
SQL: INSERT INTO `b_users` (`wx_openid`) VALUES (1) [ RunTime:0.001517s ]
SQL: INSERT INTO `b_users` (`wx_openid`) VALUES (1) [ RunTime:0.001635s ]
SQL: INSERT INTO `b_users` (`wx_openid`) VALUES (1) [ RunTime:0.001572s ]
SQL: INSERT INTO `b_users` (`wx_openid`) VALUES (1) [ RunTime:0.001869s ]
SQL: INSERT INTO `b_users` (`wx_openid`) VALUES (1) [ RunTime:0.001518s ]
SQL: INSERT INTO `b_users` (`wx_openid`) VALUES (1) [ RunTime:0.001441s ]
SQL: INSERT INTO `b_users` (`wx_openid`) VALUES (1) [ RunTime:0.001640s ]
SQL: INSERT INTO `b_users` (`wx_openid`) VALUES (1) [ RunTime:0.001519s ]
SQL: INSERT INTO `b_users` (`wx_openid`) VALUES (1) [ RunTime:0.001433s ]
SQL: INSERT INTO `b_users` (`wx_openid`) VALUES (1) [ RunTime:0.001475s ]
SQL: INSERT INTO `b_users` (`wx_openid`) VALUES (1) [ RunTime:0.001453s ]
SQL: INSERT INTO `b_users` (`wx_openid`) VALUES (1) [ RunTime:0.001899s ]
SQL: INSERT INTO `b_users` (`wx_openid`) VALUES (1) [ RunTime:0.001463s ]
SQL: INSERT INTO `b_users` (`wx_openid`) VALUES (1) [ RunTime:0.002932s ]
SQL: INSERT INTO `b_users` (`wx_openid`) VALUES (1) [ RunTime:0.001763s ]
SQL: INSERT INTO `b_users` (`wx_openid`) VALUES (1) [ RunTime:0.001470s ]
SQL: INSERT INTO `b_users` (`wx_openid`) VALUES (1) [ RunTime:0.001442s ]
SQL: INSERT INTO `b_users` (`wx_openid`) VALUES (1) [ RunTime:0.001481s ]
SQL: INSERT INTO `b_users` (`wx_openid`) VALUES (1) [ RunTime:0.002004s ]
SQL: INSERT INTO `b_users` (`wx_openid`) VALUES (1) [ RunTime:0.001645s ]
SQL: INSERT INTO `b_users` (`wx_openid`) VALUES (1) [ RunTime:0.001553s ]
SQL: INSERT INTO `b_users` (`wx_openid`) VALUES (1) [ RunTime:0.001769s ]
SQL: INSERT INTO `b_users` (`wx_openid`) VALUES (1) [ RunTime:0.002261s ]
SQL: INSERT INTO `b_users` (`wx_openid`) VALUES (1) [ RunTime:0.001890s ]
SQL: INSERT INTO `b_users` (`wx_openid`) VALUES (1) [ RunTime:0.002253s ]
SQL: INSERT INTO `b_users` (`wx_openid`) VALUES (1) [ RunTime:0.001659s ]
SQL: INSERT INTO `b_users` (`wx_openid`) VALUES (1) [ RunTime:0.001929s ]
SQL: INSERT INTO `b_users` (`wx_openid`) VALUES (1) [ RunTime:0.005611s ]
SQL: INSERT INTO `b_users` (`wx_openid`) VALUES (1) [ RunTime:0.001701s ]
SQL: INSERT INTO `b_users` (`wx_openid`) VALUES (1) [ RunTime:0.001583s ]
SQL: INSERT INTO `b_users` (`wx_openid`) VALUES (1) [ RunTime:0.001366s ]
SQL: INSERT INTO `b_users` (`wx_openid`) VALUES (1) [ RunTime:0.001563s ]
SQL: INSERT INTO `b_users` (`wx_openid`) VALUES (1) [ RunTime:0.001563s ]
SQL: INSERT INTO `b_users` (`wx_openid`) VALUES (1) [ RunTime:0.002080s ]
SQL: INSERT INTO `b_users` (`wx_openid`) VALUES (1) [ RunTime:0.001750s ]
SQL: INSERT INTO `b_users` (`wx_openid`) VALUES (1) [ RunTime:0.001793s ]
SQL: INSERT INTO `b_users` (`wx_openid`) VALUES (1) [ RunTime:0.001660s ]
SQL: INSERT INTO `b_users` (`wx_openid`) VALUES (1) [ RunTime:0.001459s ]
SQL: INSERT INTO `b_users` (`wx_openid`) VALUES (1) [ RunTime:0.001431s ]
SQL: INSERT INTO `b_users` (`wx_openid`) VALUES (1) [ RunTime:0.001510s ]
SQL: INSERT INTO `b_users` (`wx_openid`) VALUES (1) [ RunTime:0.001759s ]
SQL: INSERT INTO `b_users` (`wx_openid`) VALUES (1) [ RunTime:0.001870s ]
SQL: INSERT INTO `b_users` (`wx_openid`) VALUES (1) [ RunTime:0.001344s ]
SQL: INSERT INTO `b_users` (`wx_openid`) VALUES (1) [ RunTime:0.001400s ]
SQL: INSERT INTO `b_users` (`wx_openid`) VALUES (1) [ RunTime:0.001517s ]
SQL: INSERT INTO `b_users` (`wx_openid`) VALUES (1) [ RunTime:0.001464s ]
SQL: INSERT INTO `b_users` (`wx_openid`) VALUES (1) [ RunTime:0.001451s ]
SQL: INSERT INTO `b_users` (`wx_openid`) VALUES (1) [ RunTime:0.001478s ]
SQL: INSERT INTO `b_users` (`wx_openid`) VALUES (1) [ RunTime:0.002258s ]
SQL: INSERT INTO `b_users` (`wx_openid`) VALUES (1) [ RunTime:0.002701s ]
SQL: INSERT INTO `b_users` (`wx_openid`) VALUES (1) [ RunTime:0.001763s ]
SQL: INSERT INTO `b_users` (`wx_openid`) VALUES (1) [ RunTime:0.001490s ]
SQL: INSERT INTO `b_users` (`wx_openid`) VALUES (1) [ RunTime:0.001677s ]
SQL: INSERT INTO `b_users` (`wx_openid`) VALUES (1) [ RunTime:0.001411s ]
SQL: INSERT INTO `b_users` (`wx_openid`) VALUES (1) [ RunTime:0.001567s ]
SQL: INSERT INTO `b_users` (`wx_openid`) VALUES (1) [ RunTime:0.002070s ]
SQL: INSERT INTO `b_users` (`wx_openid`) VALUES (1) [ RunTime:0.001957s ]
SQL: INSERT INTO `b_users` (`wx_openid`) VALUES (1) [ RunTime:0.001420s ]
SQL: INSERT INTO `b_users` (`wx_openid`) VALUES (1) [ RunTime:0.001442s ]
SQL: INSERT INTO `b_users` (`wx_openid`) VALUES (1) [ RunTime:0.001493s ]
SQL: INSERT INTO `b_users` (`wx_openid`) VALUES (1) [ RunTime:0.001530s ]
SQL: INSERT INTO `b_users` (`wx_openid`) VALUES (1) [ RunTime:0.001525s ]
SQL: INSERT INTO `b_users` (`wx_openid`) VALUES (1) [ RunTime:0.001757s ]
SQL: INSERT INTO `b_users` (`wx_openid`) VALUES (1) [ RunTime:0.002038s ]
SQL: INSERT INTO `b_users` (`wx_openid`) VALUES (1) [ RunTime:0.001508s ]
SQL: INSERT INTO `b_users` (`wx_openid`) VALUES (1) [ RunTime:0.001472s ]
SQL: INSERT INTO `b_users` (`wx_openid`) VALUES (1) [ RunTime:0.001405s ]
SQL: INSERT INTO `b_users` (`wx_openid`) VALUES (1) [ RunTime:0.001487s ]
SQL: INSERT INTO `b_users` (`wx_openid`) VALUES (1) [ RunTime:0.001531s ]
SQL: INSERT INTO `b_users` (`wx_openid`) VALUES (1) [ RunTime:0.001666s ]
SQL: INSERT INTO `b_users` (`wx_openid`) VALUES (1) [ RunTime:0.002171s ]
SQL: INSERT INTO `b_users` (`wx_openid`) VALUES (1) [ RunTime:0.001577s ]
SQL: INSERT INTO `b_users` (`wx_openid`) VALUES (1) [ RunTime:0.001590s ]
SQL: INSERT INTO `b_users` (`wx_openid`) VALUES (1) [ RunTime:0.001486s ]
SQL: INSERT INTO `b_users` (`wx_openid`) VALUES (1) [ RunTime:0.001657s ]
SQL: INSERT INTO `b_users` (`wx_openid`) VALUES (1) [ RunTime:0.001568s ]
SQL: INSERT INTO `b_users` (`wx_openid`) VALUES (1) [ RunTime:0.001608s ]
SQL: INSERT INTO `b_users` (`wx_openid`) VALUES (1) [ RunTime:0.001523s ]
SQL: INSERT INTO `b_users` (`wx_openid`) VALUES (1) [ RunTime:0.002141s ]
SQL: INSERT INTO `b_users` (`wx_openid`) VALUES (1) [ RunTime:0.001746s ]
SQL: INSERT INTO `b_users` (`wx_openid`) VALUES (1) [ RunTime:0.001876s ]
SQL: INSERT INTO `b_users` (`wx_openid`) VALUES (1) [ RunTime:0.001955s ]
SQL: INSERT INTO `b_users` (`wx_openid`) VALUES (1) [ RunTime:0.001588s ]
SQL: INSERT INTO `b_users` (`wx_openid`) VALUES (1) [ RunTime:0.001604s ]
SQL: INSERT INTO `b_users` (`wx_openid`) VALUES (1) [ RunTime:0.001460s ]
SQL: INSERT INTO `b_users` (`wx_openid`) VALUES (1) [ RunTime:0.001924s ]
SQL: INSERT INTO `b_users` (`wx_openid`) VALUES (1) [ RunTime:0.001664s ]
SQL: INSERT INTO `b_users` (`wx_openid`) VALUES (1) [ RunTime:0.007848s ]
SQL: INSERT INTO `b_users` (`wx_openid`) VALUES (1) [ RunTime:0.001831s ]
SQL: INSERT INTO `b_users` (`wx_openid`) VALUES (1) [ RunTime:0.001533s ]
SQL: INSERT INTO `b_users` (`wx_openid`) VALUES (1) [ RunTime:0.001434s ]
SQL: INSERT INTO `b_users` (`wx_openid`) VALUES (1) [ RunTime:0.001620s ]
SQL: INSERT INTO `b_users` (`wx_openid`) VALUES (1) [ RunTime:0.001607s ]
SQL: INSERT INTO `b_users` (`wx_openid`) VALUES (1) [ RunTime:0.001965s ]
SQL: INSERT INTO `b_users` (`wx_openid`) VALUES (1) [ RunTime:0.001504s ]
SQL: INSERT INTO `b_users` (`wx_openid`) VALUES (1) [ RunTime:0.001506s ]
SQL: INSERT INTO `b_users` (`wx_openid`) VALUES (1) [ RunTime:0.001476s ]
SQL: INSERT INTO `b_users` (`wx_openid`) VALUES (1) [ RunTime:0.001727s ]
SQL: INSERT INTO `b_users` (`wx_openid`) VALUES (1) [ RunTime:0.001588s ]
SQL: INSERT INTO `b_users` (`wx_openid`) VALUES (1) [ RunTime:0.001510s ]
SQL: INSERT INTO `b_users` (`wx_openid`) VALUES (1) [ RunTime:0.001972s ]
SQL: INSERT INTO `b_users` (`wx_openid`) VALUES (1) [ RunTime:0.001442s ]
SQL: INSERT INTO `b_users` (`wx_openid`) VALUES (1) [ RunTime:0.001509s ]
SQL: INSERT INTO `b_users` (`wx_openid`) VALUES (1) [ RunTime:0.003497s ]
SQL: INSERT INTO `b_users` (`wx_openid`) VALUES (1) [ RunTime:0.003783s ]
SQL: INSERT INTO `b_users` (`wx_openid`) VALUES (1) [ RunTime:0.003022s ]
SQL: INSERT INTO `b_users` (`wx_openid`) VALUES (1) [ RunTime:0.001701s ]
SQL: INSERT INTO `b_users` (`wx_openid`) VALUES (1) [ RunTime:0.001463s ]
SQL: INSERT INTO `b_users` (`wx_openid`) VALUES (1) [ RunTime:0.001893s ]
SQL: INSERT INTO `b_users` (`wx_openid`) VALUES (1) [ RunTime:0.001560s ]
SQL: INSERT INTO `b_users` (`wx_openid`) VALUES (1) [ RunTime:0.001549s ]
SQL: INSERT INTO `b_users` (`wx_openid`) VALUES (1) [ RunTime:0.018016s ]
SQL: INSERT INTO `b_users` (`wx_openid`) VALUES (1) [ RunTime:0.001705s ]
SQL: INSERT INTO `b_users` (`wx_openid`) VALUES (1) [ RunTime:0.001857s ]
SQL: INSERT INTO `b_users` (`wx_openid`) VALUES (1) [ RunTime:0.001652s ]
SQL: INSERT INTO `b_users` (`wx_openid`) VALUES (1) [ RunTime:0.002036s ]
SQL: INSERT INTO `b_users` (`wx_openid`) VALUES (1) [ RunTime:0.001605s ]
SQL: INSERT INTO `b_users` (`wx_openid`) VALUES (1) [ RunTime:0.001620s ]
SQL: INSERT INTO `b_users` (`wx_openid`) VALUES (1) [ RunTime:0.001677s ]
SQL: INSERT INTO `b_users` (`wx_openid`) VALUES (1) [ RunTime:0.001465s ]
SQL: INSERT INTO `b_users` (`wx_openid`) VALUES (1) [ RunTime:0.001714s ]
SQL: INSERT INTO `b_users` (`wx_openid`) VALUES (1) [ RunTime:0.001767s ]
SQL: INSERT INTO `b_users` (`wx_openid`) VALUES (1) [ RunTime:0.001598s ]
SQL: INSERT INTO `b_users` (`wx_openid`) VALUES (1) [ RunTime:0.002112s ]
SQL: INSERT INTO `b_users` (`wx_openid`) VALUES (1) [ RunTime:0.001902s ]
SQL: INSERT INTO `b_users` (`wx_openid`) VALUES (1) [ RunTime:0.002593s ]
SQL: INSERT INTO `b_users` (`wx_openid`) VALUES (1) [ RunTime:0.001917s ]
SQL: INSERT INTO `b_users` (`wx_openid`) VALUES (1) [ RunTime:0.001531s ]
SQL: INSERT INTO `b_users` (`wx_openid`) VALUES (1) [ RunTime:0.001672s ]
SQL: INSERT INTO `b_users` (`wx_openid`) VALUES (1) [ RunTime:0.001652s ]
SQL: INSERT INTO `b_users` (`wx_openid`) VALUES (1) [ RunTime:0.001860s ]
SQL: INSERT INTO `b_users` (`wx_openid`) VALUES (1) [ RunTime:0.001973s ]
SQL: INSERT INTO `b_users` (`wx_openid`) VALUES (1) [ RunTime:0.001612s ]
SQL: INSERT INTO `b_users` (`wx_openid`) VALUES (1) [ RunTime:0.001457s ]
SQL: INSERT INTO `b_users` (`wx_openid`) VALUES (1) [ RunTime:0.001437s ]
SQL: INSERT INTO `b_users` (`wx_openid`) VALUES (1) [ RunTime:0.001547s ]
SQL: INSERT INTO `b_users` (`wx_openid`) VALUES (1) [ RunTime:0.002421s ]
SQL: INSERT INTO `b_users` (`wx_openid`) VALUES (1) [ RunTime:0.001584s ]
SQL: INSERT INTO `b_users` (`wx_openid`) VALUES (1) [ RunTime:0.001987s ]
SQL: INSERT INTO `b_users` (`wx_openid`) VALUES (1) [ RunTime:0.002810s ]
SQL: INSERT INTO `b_users` (`wx_openid`) VALUES (1) [ RunTime:0.001542s ]
SQL: INSERT INTO `b_users` (`wx_openid`) VALUES (1) [ RunTime:0.001494s ]
SQL: INSERT INTO `b_users` (`wx_openid`) VALUES (1) [ RunTime:0.001540s ]
SQL: INSERT INTO `b_users` (`wx_openid`) VALUES (1) [ RunTime:0.001477s ]
SQL: INSERT INTO `b_users` (`wx_openid`) VALUES (1) [ RunTime:0.001514s ]
SQL: INSERT INTO `b_users` (`wx_openid`) VALUES (1) [ RunTime:0.001913s ]
SQL: INSERT INTO `b_users` (`wx_openid`) VALUES (1) [ RunTime:0.001559s ]
SQL: INSERT INTO `b_users` (`wx_openid`) VALUES (1) [ RunTime:0.001456s ]
SQL: INSERT INTO `b_users` (`wx_openid`) VALUES (1) [ RunTime:0.001431s ]
SQL: INSERT INTO `b_users` (`wx_openid`) VALUES (1) [ RunTime:0.001499s ]
SQL: INSERT INTO `b_users` (`wx_openid`) VALUES (1) [ RunTime:0.001474s ]
SQL: INSERT INTO `b_users` (`wx_openid`) VALUES (1) [ RunTime:0.001446s ]
SQL: INSERT INTO `b_users` (`wx_openid`) VALUES (1) [ RunTime:0.001609s ]
SQL: INSERT INTO `b_users` (`wx_openid`) VALUES (1) [ RunTime:0.001857s ]
SQL: INSERT INTO `b_users` (`wx_openid`) VALUES (1) [ RunTime:0.002052s ]
SQL: INSERT INTO `b_users` (`wx_openid`) VALUES (1) [ RunTime:0.001612s ]
SQL: INSERT INTO `b_users` (`wx_openid`) VALUES (1) [ RunTime:0.001415s ]
SQL: INSERT INTO `b_users` (`wx_openid`) VALUES (1) [ RunTime:0.001470s ]
SQL: INSERT INTO `b_users` (`wx_openid`) VALUES (1) [ RunTime:0.001522s ]
SQL: INSERT INTO `b_users` (`wx_openid`) VALUES (1) [ RunTime:0.001414s ]
SQL: INSERT INTO `b_users` (`wx_openid`) VALUES (1) [ RunTime:0.001990s ]
SQL: INSERT INTO `b_users` (`wx_openid`) VALUES (1) [ RunTime:0.001687s ]
SQL: INSERT INTO `b_users` (`wx_openid`) VALUES (1) [ RunTime:0.001473s ]
SQL: INSERT INTO `b_users` (`wx_openid`) VALUES (1) [ RunTime:0.001496s ]
SQL: INSERT INTO `b_users` (`wx_openid`) VALUES (1) [ RunTime:0.001455s ]
SQL: INSERT INTO `b_users` (`wx_openid`) VALUES (1) [ RunTime:0.001418s ]
SQL: INSERT INTO `b_users` (`wx_openid`) VALUES (1) [ RunTime:0.001670s ]
SQL: INSERT INTO `b_users` (`wx_openid`) VALUES (1) [ RunTime:0.002080s ]
SQL: INSERT INTO `b_users` (`wx_openid`) VALUES (1) [ RunTime:0.001517s ]
SQL: INSERT INTO `b_users` (`wx_openid`) VALUES (1) [ RunTime:0.001523s ]
SQL: INSERT INTO `b_users` (`wx_openid`) VALUES (1) [ RunTime:0.001633s ]
SQL: INSERT INTO `b_users` (`wx_openid`) VALUES (1) [ RunTime:0.001551s ]
SQL: INSERT INTO `b_users` (`wx_openid`) VALUES (1) [ RunTime:0.001533s ]
SQL: INSERT INTO `b_users` (`wx_openid`) VALUES (1) [ RunTime:0.001550s ]
SQL: INSERT INTO `b_users` (`wx_openid`) VALUES (1) [ RunTime:0.001479s ]
SQL: INSERT INTO `b_users` (`wx_openid`) VALUES (1) [ RunTime:0.002001s ]
SQL: INSERT INTO `b_users` (`wx_openid`) VALUES (1) [ RunTime:0.001611s ]
SQL: INSERT INTO `b_users` (`wx_openid`) VALUES (1) [ RunTime:0.001724s ]
SQL: INSERT INTO `b_users` (`wx_openid`) VALUES (1) [ RunTime:0.001642s ]
SQL: INSERT INTO `b_users` (`wx_openid`) VALUES (1) [ RunTime:0.001749s ]
SQL: INSERT INTO `b_users` (`wx_openid`) VALUES (1) [ RunTime:0.001664s ]
SQL: INSERT INTO `b_users` (`wx_openid`) VALUES (1) [ RunTime:0.001481s ]
SQL: INSERT INTO `b_users` (`wx_openid`) VALUES (1) [ RunTime:0.001953s ]
SQL: INSERT INTO `b_users` (`wx_openid`) VALUES (1) [ RunTime:0.001431s ]
SQL: INSERT INTO `b_users` (`wx_openid`) VALUES (1) [ RunTime:0.001403s ]
SQL: INSERT INTO `b_users` (`wx_openid`) VALUES (1) [ RunTime:0.001465s ]
SQL: INSERT INTO `b_users` (`wx_openid`) VALUES (1) [ RunTime:0.001566s ]
SQL: INSERT INTO `b_users` (`wx_openid`) VALUES (1) [ RunTime:0.001607s ]
SQL: INSERT INTO `b_users` (`wx_openid`) VALUES (1) [ RunTime:0.001608s ]
SQL: INSERT INTO `b_users` (`wx_openid`) VALUES (1) [ RunTime:0.001460s ]
SQL: INSERT INTO `b_users` (`wx_openid`) VALUES (1) [ RunTime:0.001813s ]
SQL: INSERT INTO `b_users` (`wx_openid`) VALUES (1) [ RunTime:0.001674s ]
SQL: INSERT INTO `b_users` (`wx_openid`) VALUES (1) [ RunTime:0.001534s ]
SQL: INSERT INTO `b_users` (`wx_openid`) VALUES (1) [ RunTime:0.001833s ]
SQL: INSERT INTO `b_users` (`wx_openid`) VALUES (1) [ RunTime:0.001521s ]
SQL: INSERT INTO `b_users` (`wx_openid`) VALUES (1) [ RunTime:0.001505s ]
SQL: INSERT INTO `b_users` (`wx_openid`) VALUES (1) [ RunTime:0.001525s ]
SQL: INSERT INTO `b_users` (`wx_openid`) VALUES (1) [ RunTime:0.001884s ]
SQL: INSERT INTO `b_users` (`wx_openid`) VALUES (1) [ RunTime:0.001546s ]
SQL: INSERT INTO `b_users` (`wx_openid`) VALUES (1) [ RunTime:0.001373s ]
SQL: INSERT INTO `b_users` (`wx_openid`) VALUES (1) [ RunTime:0.001465s ]
SQL: INSERT INTO `b_users` (`wx_openid`) VALUES (1) [ RunTime:0.001452s ]
SQL: INSERT INTO `b_users` (`wx_openid`) VALUES (1) [ RunTime:0.001440s ]
SQL: INSERT INTO `b_users` (`wx_openid`) VALUES (1) [ RunTime:0.001517s ]
SQL: INSERT INTO `b_users` (`wx_openid`) VALUES (1) [ RunTime:0.001483s ]
SQL: INSERT INTO `b_users` (`wx_openid`) VALUES (1) [ RunTime:0.001932s ]
SQL: INSERT INTO `b_users` (`wx_openid`) VALUES (1) [ RunTime:0.001567s ]
SQL: INSERT INTO `b_users` (`wx_openid`) VALUES (1) [ RunTime:0.001567s ]
SQL: INSERT INTO `b_users` (`wx_openid`) VALUES (1) [ RunTime:0.001489s ]
SQL: INSERT INTO `b_users` (`wx_openid`) VALUES (1) [ RunTime:0.001472s ]
SQL: INSERT INTO `b_users` (`wx_openid`) VALUES (1) [ RunTime:0.001498s ]
SQL: INSERT INTO `b_users` (`wx_openid`) VALUES (1) [ RunTime:0.001575s ]
SQL: INSERT INTO `b_users` (`wx_openid`) VALUES (1) [ RunTime:0.002017s ]
SQL: INSERT INTO `b_users` (`wx_openid`) VALUES (1) [ RunTime:0.001628s ]
SQL: INSERT INTO `b_users` (`wx_openid`) VALUES (1) [ RunTime:0.001468s ]
SQL: INSERT INTO `b_users` (`wx_openid`) VALUES (1) [ RunTime:0.001537s ]
SQL: INSERT INTO `b_users` (`wx_openid`) VALUES (1) [ RunTime:0.001495s ]
SQL: INSERT INTO `b_users` (`wx_openid`) VALUES (1) [ RunTime:0.001736s ]
SQL: INSERT INTO `b_users` (`wx_openid`) VALUES (1) [ RunTime:0.001852s ]
SQL: INSERT INTO `b_users` (`wx_openid`) VALUES (1) [ RunTime:0.001611s ]
SQL: INSERT INTO `b_users` (`wx_openid`) VALUES (1) [ RunTime:0.001991s ]
SQL: INSERT INTO `b_users` (`wx_openid`) VALUES (1) [ RunTime:0.001487s ]
SQL: INSERT INTO `b_users` (`wx_openid`) VALUES (1) [ RunTime:0.001563s ]
SQL: INSERT INTO `b_users` (`wx_openid`) VALUES (1) [ RunTime:0.001389s ]
SQL: INSERT INTO `b_users` (`wx_openid`) VALUES (1) [ RunTime:0.001434s ]
SQL: INSERT INTO `b_users` (`wx_openid`) VALUES (1) [ RunTime:0.001531s ]
SQL: INSERT INTO `b_users` (`wx_openid`) VALUES (1) [ RunTime:0.001608s ]
SQL: INSERT INTO `b_users` (`wx_openid`) VALUES (1) [ RunTime:0.002045s ]
SQL: INSERT INTO `b_users` (`wx_openid`) VALUES (1) [ RunTime:0.001619s ]
SQL: INSERT INTO `b_users` (`wx_openid`) VALUES (1) [ RunTime:0.001644s ]
SQL: INSERT INTO `b_users` (`wx_openid`) VALUES (1) [ RunTime:0.001553s ]
SQL: INSERT INTO `b_users` (`wx_openid`) VALUES (1) [ RunTime:0.001801s ]
SQL: INSERT INTO `b_users` (`wx_openid`) VALUES (1) [ RunTime:0.001711s ]
SQL: INSERT INTO `b_users` (`wx_openid`) VALUES (1) [ RunTime:0.001572s ]
SQL: INSERT INTO `b_users` (`wx_openid`) VALUES (1) [ RunTime:0.001547s ]
SQL: INSERT INTO `b_users` (`wx_openid`) VALUES (1) [ RunTime:0.002202s ]
SQL: INSERT INTO `b_users` (`wx_openid`) VALUES (1) [ RunTime:0.001610s ]
SQL: INSERT INTO `b_users` (`wx_openid`) VALUES (1) [ RunTime:0.001696s ]
SQL: INSERT INTO `b_users` (`wx_openid`) VALUES (1) [ RunTime:0.001589s ]
SQL: INSERT INTO `b_users` (`wx_openid`) VALUES (1) [ RunTime:0.001863s ]
SQL: INSERT INTO `b_users` (`wx_openid`) VALUES (1) [ RunTime:0.001551s ]
SQL: INSERT INTO `b_users` (`wx_openid`) VALUES (1) [ RunTime:0.001604s ]
SQL: INSERT INTO `b_users` (`wx_openid`) VALUES (1) [ RunTime:0.002476s ]
SQL: INSERT INTO `b_users` (`wx_openid`) VALUES (1) [ RunTime:0.001632s ]
SQL: INSERT INTO `b_users` (`wx_openid`) VALUES (1) [ RunTime:0.001805s ]
SQL: INSERT INTO `b_users` (`wx_openid`) VALUES (1) [ RunTime:0.002010s ]
SQL: INSERT INTO `b_users` (`wx_openid`) VALUES (1) [ RunTime:0.001973s ]
SQL: INSERT INTO `b_users` (`wx_openid`) VALUES (1) [ RunTime:0.001717s ]
SQL: INSERT INTO `b_users` (`wx_openid`) VALUES (1) [ RunTime:0.002129s ]
SQL: INSERT INTO `b_users` (`wx_openid`) VALUES (1) [ RunTime:0.001765s ]
SQL: INSERT INTO `b_users` (`wx_openid`) VALUES (1) [ RunTime:0.002193s ]
SQL: INSERT INTO `b_users` (`wx_openid`) VALUES (1) [ RunTime:0.002795s ]
SQL: INSERT INTO `b_users` (`wx_openid`) VALUES (1) [ RunTime:0.001628s ]
SQL: INSERT INTO `b_users` (`wx_openid`) VALUES (1) [ RunTime:0.001770s ]
SQL: INSERT INTO `b_users` (`wx_openid`) VALUES (1) [ RunTime:0.001632s ]
SQL: INSERT INTO `b_users` (`wx_openid`) VALUES (1) [ RunTime:0.001684s ]
SQL: INSERT INTO `b_users` (`wx_openid`) VALUES (1) [ RunTime:0.001916s ]
SQL: INSERT INTO `b_users` (`wx_openid`) VALUES (1) [ RunTime:0.002177s ]
SQL: INSERT INTO `b_users` (`wx_openid`) VALUES (1) [ RunTime:0.001444s ]
SQL: INSERT INTO `b_users` (`wx_openid`) VALUES (1) [ RunTime:0.001512s ]
SQL: INSERT INTO `b_users` (`wx_openid`) VALUES (1) [ RunTime:0.001445s ]
SQL: INSERT INTO `b_users` (`wx_openid`) VALUES (1) [ RunTime:0.001460s ]
SQL: INSERT INTO `b_users` (`wx_openid`) VALUES (1) [ RunTime:0.002422s ]
SQL: INSERT INTO `b_users` (`wx_openid`) VALUES (1) [ RunTime:0.002095s ]
SQL: INSERT INTO `b_users` (`wx_openid`) VALUES (1) [ RunTime:0.001403s ]
SQL: INSERT INTO `b_users` (`wx_openid`) VALUES (1) [ RunTime:0.003541s ]
SQL: INSERT INTO `b_users` (`wx_openid`) VALUES (1) [ RunTime:0.001891s ]
SQL: INSERT INTO `b_users` (`wx_openid`) VALUES (1) [ RunTime:0.001547s ]
SQL: INSERT INTO `b_users` (`wx_openid`) VALUES (1) [ RunTime:0.001528s ]
SQL: INSERT INTO `b_users` (`wx_openid`) VALUES (1) [ RunTime:0.001642s ]
SQL: INSERT INTO `b_users` (`wx_openid`) VALUES (1) [ RunTime:0.001688s ]
SQL: INSERT INTO `b_users` (`wx_openid`) VALUES (1) [ RunTime:0.001653s ]
SQL: INSERT INTO `b_users` (`wx_openid`) VALUES (1) [ RunTime:0.002940s ]
SQL: INSERT INTO `b_users` (`wx_openid`) VALUES (1) [ RunTime:0.001420s ]
SQL: INSERT INTO `b_users` (`wx_openid`) VALUES (1) [ RunTime:0.001473s ]
SQL: INSERT INTO `b_users` (`wx_openid`) VALUES (1) [ RunTime:0.001812s ]
SQL: INSERT INTO `b_users` (`wx_openid`) VALUES (1) [ RunTime:0.001828s ]
SQL: INSERT INTO `b_users` (`wx_openid`) VALUES (1) [ RunTime:0.001723s ]
SQL: INSERT INTO `b_users` (`wx_openid`) VALUES (1) [ RunTime:0.001841s ]
SQL: INSERT INTO `b_users` (`wx_openid`) VALUES (1) [ RunTime:0.004069s ]
SQL: INSERT INTO `b_users` (`wx_openid`) VALUES (1) [ RunTime:0.001828s ]
SQL: INSERT INTO `b_users` (`wx_openid`) VALUES (1) [ RunTime:0.001661s ]
SQL: INSERT INTO `b_users` (`wx_openid`) VALUES (1) [ RunTime:0.003331s ]
SQL: INSERT INTO `b_users` (`wx_openid`) VALUES (1) [ RunTime:0.001572s ]
SQL: INSERT INTO `b_users` (`wx_openid`) VALUES (1) [ RunTime:0.001518s ]
SQL: INSERT INTO `b_users` (`wx_openid`) VALUES (1) [ RunTime:0.001492s ]
SQL: INSERT INTO `b_users` (`wx_openid`) VALUES (1) [ RunTime:0.001623s ]
SQL: INSERT INTO `b_users` (`wx_openid`) VALUES (1) [ RunTime:0.002185s ]
SQL: INSERT INTO `b_users` (`wx_openid`) VALUES (1) [ RunTime:0.001563s ]
SQL: INSERT INTO `b_users` (`wx_openid`) VALUES (1) [ RunTime:0.001551s ]
SQL: INSERT INTO `b_users` (`wx_openid`) VALUES (1) [ RunTime:0.001518s ]
SQL: INSERT INTO `b_users` (`wx_openid`) VALUES (1) [ RunTime:0.001496s ]
SQL: INSERT INTO `b_users` (`wx_openid`) VALUES (1) [ RunTime:0.001668s ]
SQL: INSERT INTO `b_users` (`wx_openid`) VALUES (1) [ RunTime:0.001545s ]
SQL: INSERT INTO `b_users` (`wx_openid`) VALUES (1) [ RunTime:0.002125s ]
SQL: INSERT INTO `b_users` (`wx_openid`) VALUES (1) [ RunTime:0.001675s ]
SQL: INSERT INTO `b_users` (`wx_openid`) VALUES (1) [ RunTime:0.001572s ]
SQL: INSERT INTO `b_users` (`wx_openid`) VALUES (1) [ RunTime:0.001656s ]
SQL: INSERT INTO `b_users` (`wx_openid`) VALUES (1) [ RunTime:0.001500s ]
SQL: INSERT INTO `b_users` (`wx_openid`) VALUES (1) [ RunTime:0.002057s ]
SQL: INSERT INTO `b_users` (`wx_openid`) VALUES (1) [ RunTime:0.001550s ]
SQL: INSERT INTO `b_users` (`wx_openid`) VALUES (1) [ RunTime:0.001553s ]
SQL: INSERT INTO `b_users` (`wx_openid`) VALUES (1) [ RunTime:0.002105s ]
SQL: INSERT INTO `b_users` (`wx_openid`) VALUES (1) [ RunTime:0.001764s ]
SQL: INSERT INTO `b_users` (`wx_openid`) VALUES (1) [ RunTime:0.001570s ]
SQL: INSERT INTO `b_users` (`wx_openid`) VALUES (1) [ RunTime:0.001533s ]
SQL: INSERT INTO `b_users` (`wx_openid`) VALUES (1) [ RunTime:0.001700s ]
SQL: INSERT INTO `b_users` (`wx_openid`) VALUES (1) [ RunTime:0.001559s ]
SQL: INSERT INTO `b_users` (`wx_openid`) VALUES (1) [ RunTime:0.001761s ]
SQL: INSERT INTO `b_users` (`wx_openid`) VALUES (1) [ RunTime:0.002048s ]
SQL: INSERT INTO `b_users` (`wx_openid`) VALUES (1) [ RunTime:0.001669s ]
SQL: INSERT INTO `b_users` (`wx_openid`) VALUES (1) [ RunTime:0.001467s ]
SQL: INSERT INTO `b_users` (`wx_openid`) VALUES (1) [ RunTime:0.001725s ]
SQL: INSERT INTO `b_users` (`wx_openid`) VALUES (1) [ RunTime:0.001557s ]
SQL: INSERT INTO `b_users` (`wx_openid`) VALUES (1) [ RunTime:0.001589s ]
SQL: INSERT INTO `b_users` (`wx_openid`) VALUES (1) [ RunTime:0.001458s ]
SQL: INSERT INTO `b_users` (`wx_openid`) VALUES (1) [ RunTime:0.001498s ]
SQL: INSERT INTO `b_users` (`wx_openid`) VALUES (1) [ RunTime:0.002426s ]
SQL: INSERT INTO `b_users` (`wx_openid`) VALUES (1) [ RunTime:0.001510s ]
SQL: INSERT INTO `b_users` (`wx_openid`) VALUES (1) [ RunTime:0.001534s ]
SQL: INSERT INTO `b_users` (`wx_openid`) VALUES (1) [ RunTime:0.001546s ]
SQL: INSERT INTO `b_users` (`wx_openid`) VALUES (1) [ RunTime:0.001605s ]
SQL: INSERT INTO `b_users` (`wx_openid`) VALUES (1) [ RunTime:0.001468s ]
SQL: INSERT INTO `b_users` (`wx_openid`) VALUES (1) [ RunTime:0.001470s ]
SQL: INSERT INTO `b_users` (`wx_openid`) VALUES (1) [ RunTime:0.001927s ]
SQL: INSERT INTO `b_users` (`wx_openid`) VALUES (1) [ RunTime:0.001568s ]
SQL: INSERT INTO `b_users` (`wx_openid`) VALUES (1) [ RunTime:0.001496s ]
SQL: INSERT INTO `b_users` (`wx_openid`) VALUES (1) [ RunTime:0.001801s ]
SQL: INSERT INTO `b_users` (`wx_openid`) VALUES (1) [ RunTime:0.001527s ]
SQL: INSERT INTO `b_users` (`wx_openid`) VALUES (1) [ RunTime:0.001393s ]
SQL: INSERT INTO `b_users` (`wx_openid`) VALUES (1) [ RunTime:0.001434s ]
SQL: INSERT INTO `b_users` (`wx_openid`) VALUES (1) [ RunTime:0.001411s ]
SQL: INSERT INTO `b_users` (`wx_openid`) VALUES (1) [ RunTime:0.001852s ]
SQL: INSERT INTO `b_users` (`wx_openid`) VALUES (1) [ RunTime:0.001464s ]
SQL: INSERT INTO `b_users` (`wx_openid`) VALUES (1) [ RunTime:0.001573s ]
SQL: INSERT INTO `b_users` (`wx_openid`) VALUES (1) [ RunTime:0.001644s ]
SQL: INSERT INTO `b_users` (`wx_openid`) VALUES (1) [ RunTime:0.001581s ]
SQL: INSERT INTO `b_users` (`wx_openid`) VALUES (1) [ RunTime:0.001597s ]
SQL: INSERT INTO `b_users` (`wx_openid`) VALUES (1) [ RunTime:0.001580s ]
SQL: INSERT INTO `b_users` (`wx_openid`) VALUES (1) [ RunTime:0.004378s ]
SQL: INSERT INTO `b_users` (`wx_openid`) VALUES (1) [ RunTime:0.001747s ]
SQL: INSERT INTO `b_users` (`wx_openid`) VALUES (1) [ RunTime:0.001525s ]
SQL: INSERT INTO `b_users` (`wx_openid`) VALUES (1) [ RunTime:0.001554s ]
SQL: INSERT INTO `b_users` (`wx_openid`) VALUES (1) [ RunTime:0.001615s ]
SQL: INSERT INTO `b_users` (`wx_openid`) VALUES (1) [ RunTime:0.001564s ]
SQL: INSERT INTO `b_users` (`wx_openid`) VALUES (1) [ RunTime:0.001623s ]
SQL: INSERT INTO `b_users` (`wx_openid`) VALUES (1) [ RunTime:0.001697s ]
SQL: INSERT INTO `b_users` (`wx_openid`) VALUES (1) [ RunTime:0.001929s ]
SQL: INSERT INTO `b_users` (`wx_openid`) VALUES (1) [ RunTime:0.001648s ]
SQL: INSERT INTO `b_users` (`wx_openid`) VALUES (1) [ RunTime:0.001706s ]
SQL: INSERT INTO `b_users` (`wx_openid`) VALUES (1) [ RunTime:0.001600s ]
SQL: INSERT INTO `b_users` (`wx_openid`) VALUES (1) [ RunTime:0.001457s ]
SQL: INSERT INTO `b_users` (`wx_openid`) VALUES (1) [ RunTime:0.001488s ]
SQL: INSERT INTO `b_users` (`wx_openid`) VALUES (1) [ RunTime:0.001719s ]
SQL: INSERT INTO `b_users` (`wx_openid`) VALUES (1) [ RunTime:0.002055s ]
SQL: INSERT INTO `b_users` (`wx_openid`) VALUES (1) [ RunTime:0.001484s ]
SQL: INSERT INTO `b_users` (`wx_openid`) VALUES (1) [ RunTime:0.001526s ]
SQL: INSERT INTO `b_users` (`wx_openid`) VALUES (1) [ RunTime:0.001729s ]
SQL: INSERT INTO `b_users` (`wx_openid`) VALUES (1) [ RunTime:0.001620s ]
SQL: INSERT INTO `b_users` (`wx_openid`) VALUES (1) [ RunTime:0.001458s ]
SQL: INSERT INTO `b_users` (`wx_openid`) VALUES (1) [ RunTime:0.001472s ]
SQL: INSERT INTO `b_users` (`wx_openid`) VALUES (1) [ RunTime:0.001617s ]
SQL: INSERT INTO `b_users` (`wx_openid`) VALUES (1) [ RunTime:0.002067s ]
SQL: INSERT INTO `b_users` (`wx_openid`) VALUES (1) [ RunTime:0.001585s ]
SQL: INSERT INTO `b_users` (`wx_openid`) VALUES (1) [ RunTime:0.001572s ]
SQL: INSERT INTO `b_users` (`wx_openid`) VALUES (1) [ RunTime:0.001494s ]
SQL: INSERT INTO `b_users` (`wx_openid`) VALUES (1) [ RunTime:0.001538s ]
SQL: INSERT INTO `b_users` (`wx_openid`) VALUES (1) [ RunTime:0.001612s ]
SQL: INSERT INTO `b_users` (`wx_openid`) VALUES (1) [ RunTime:0.001493s ]
SQL: INSERT INTO `b_users` (`wx_openid`) VALUES (1) [ RunTime:0.002038s ]
SQL: INSERT INTO `b_users` (`wx_openid`) VALUES (1) [ RunTime:0.001842s ]
SQL: INSERT INTO `b_users` (`wx_openid`) VALUES (1) [ RunTime:0.001473s ]
SQL: INSERT INTO `b_users` (`wx_openid`) VALUES (1) [ RunTime:0.001621s ]
SQL: INSERT INTO `b_users` (`wx_openid`) VALUES (1) [ RunTime:0.001492s ]
SQL: INSERT INTO `b_users` (`wx_openid`) VALUES (1) [ RunTime:0.001674s ]
SQL: INSERT INTO `b_users` (`wx_openid`) VALUES (1) [ RunTime:0.001539s ]
SQL: INSERT INTO `b_users` (`wx_openid`) VALUES (1) [ RunTime:0.001556s ]
SQL: INSERT INTO `b_users` (`wx_openid`) VALUES (1) [ RunTime:0.001957s ]
SQL: INSERT INTO `b_users` (`wx_openid`) VALUES (1) [ RunTime:0.001457s ]
SQL: INSERT INTO `b_users` (`wx_openid`) VALUES (1) [ RunTime:0.001611s ]
SQL: INSERT INTO `b_users` (`wx_openid`) VALUES (1) [ RunTime:0.001471s ]
SQL: INSERT INTO `b_users` (`wx_openid`) VALUES (1) [ RunTime:0.001441s ]
SQL: INSERT INTO `b_users` (`wx_openid`) VALUES (1) [ RunTime:0.001447s ]
SQL: INSERT INTO `b_users` (`wx_openid`) VALUES (1) [ RunTime:0.001418s ]
SQL: INSERT INTO `b_users` (`wx_openid`) VALUES (1) [ RunTime:0.001889s ]
SQL: INSERT INTO `b_users` (`wx_openid`) VALUES (1) [ RunTime:0.001595s ]
SQL: INSERT INTO `b_users` (`wx_openid`) VALUES (1) [ RunTime:0.001441s ]
SQL: INSERT INTO `b_users` (`wx_openid`) VALUES (1) [ RunTime:0.001472s ]
SQL: INSERT INTO `b_users` (`wx_openid`) VALUES (1) [ RunTime:0.001678s ]
SQL: INSERT INTO `b_users` (`wx_openid`) VALUES (1) [ RunTime:0.001660s ]
SQL: INSERT INTO `b_users` (`wx_openid`) VALUES (1) [ RunTime:0.001539s ]
SQL: INSERT INTO `b_users` (`wx_openid`) VALUES (1) [ RunTime:0.001781s ]
SQL: INSERT INTO `b_users` (`wx_openid`) VALUES (1) [ RunTime:0.001517s ]
SQL: INSERT INTO `b_users` (`wx_openid`) VALUES (1) [ RunTime:0.001640s ]
SQL: INSERT INTO `b_users` (`wx_openid`) VALUES (1) [ RunTime:0.001635s ]
SQL: INSERT INTO `b_users` (`wx_openid`) VALUES (1) [ RunTime:0.001641s ]
SQL: INSERT INTO `b_users` (`wx_openid`) VALUES (1) [ RunTime:0.001459s ]
SQL: INSERT INTO `b_users` (`wx_openid`) VALUES (1) [ RunTime:0.001459s ]
SQL: INSERT INTO `b_users` (`wx_openid`) VALUES (1) [ RunTime:0.001608s ]
SQL: INSERT INTO `b_users` (`wx_openid`) VALUES (1) [ RunTime:0.001992s ]
SQL: INSERT INTO `b_users` (`wx_openid`) VALUES (1) [ RunTime:0.001622s ]
SQL: INSERT INTO `b_users` (`wx_openid`) VALUES (1) [ RunTime:0.001753s ]
SQL: INSERT INTO `b_users` (`wx_openid`) VALUES (1) [ RunTime:0.001535s ]
SQL: INSERT INTO `b_users` (`wx_openid`) VALUES (1) [ RunTime:0.001701s ]
SQL: INSERT INTO `b_users` (`wx_openid`) VALUES (1) [ RunTime:0.001496s ]
SQL: INSERT INTO `b_users` (`wx_openid`) VALUES (1) [ RunTime:0.001578s ]
SQL: INSERT INTO `b_users` (`wx_openid`) VALUES (1) [ RunTime:0.001913s ]
SQL: INSERT INTO `b_users` (`wx_openid`) VALUES (1) [ RunTime:0.001683s ]
SQL: INSERT INTO `b_users` (`wx_openid`) VALUES (1) [ RunTime:0.001494s ]
SQL: INSERT INTO `b_users` (`wx_openid`) VALUES (1) [ RunTime:0.001485s ]
SQL: INSERT INTO `b_users` (`wx_openid`) VALUES (1) [ RunTime:0.001421s ]
SQL: INSERT INTO `b_users` (`wx_openid`) VALUES (1) [ RunTime:0.001464s ]
SQL: INSERT INTO `b_users` (`wx_openid`) VALUES (1) [ RunTime:0.001490s ]
SQL: INSERT INTO `b_users` (`wx_openid`) VALUES (1) [ RunTime:0.001723s ]
SQL: INSERT INTO `b_users` (`wx_openid`) VALUES (1) [ RunTime:0.002062s ]
SQL: INSERT INTO `b_users` (`wx_openid`) VALUES (1) [ RunTime:0.001473s ]
SQL: INSERT INTO `b_users` (`wx_openid`) VALUES (1) [ RunTime:0.001647s ]
SQL: INSERT INTO `b_users` (`wx_openid`) VALUES (1) [ RunTime:0.001673s ]
SQL: INSERT INTO `b_users` (`wx_openid`) VALUES (1) [ RunTime:0.001551s ]
SQL: INSERT INTO `b_users` (`wx_openid`) VALUES (1) [ RunTime:0.001473s ]
SQL: INSERT INTO `b_users` (`wx_openid`) VALUES (1) [ RunTime:0.002093s ]
SQL: INSERT INTO `b_users` (`wx_openid`) VALUES (1) [ RunTime:0.001955s ]
SQL: INSERT INTO `b_users` (`wx_openid`) VALUES (1) [ RunTime:0.002115s ]
SQL: INSERT INTO `b_users` (`wx_openid`) VALUES (1) [ RunTime:0.001534s ]
SQL: INSERT INTO `b_users` (`wx_openid`) VALUES (1) [ RunTime:0.001557s ]
SQL: INSERT INTO `b_users` (`wx_openid`) VALUES (1) [ RunTime:0.001592s ]
SQL: INSERT INTO `b_users` (`wx_openid`) VALUES (1) [ RunTime:0.001415s ]
SQL: INSERT INTO `b_users` (`wx_openid`) VALUES (1) [ RunTime:0.001396s ]
SQL: INSERT INTO `b_users` (`wx_openid`) VALUES (1) [ RunTime:0.001373s ]
SQL: INSERT INTO `b_users` (`wx_openid`) VALUES (1) [ RunTime:0.002064s ]
SQL: INSERT INTO `b_users` (`wx_openid`) VALUES (1) [ RunTime:0.001555s ]
SQL: INSERT INTO `b_users` (`wx_openid`) VALUES (1) [ RunTime:0.001843s ]
SQL: INSERT INTO `b_users` (`wx_openid`) VALUES (1) [ RunTime:0.001685s ]
SQL: INSERT INTO `b_users` (`wx_openid`) VALUES (1) [ RunTime:0.001577s ]
SQL: INSERT INTO `b_users` (`wx_openid`) VALUES (1) [ RunTime:0.001636s ]
SQL: INSERT INTO `b_users` (`wx_openid`) VALUES (1) [ RunTime:0.001473s ]
SQL: INSERT INTO `b_users` (`wx_openid`) VALUES (1) [ RunTime:0.001895s ]
SQL: INSERT INTO `b_users` (`wx_openid`) VALUES (1) [ RunTime:0.001734s ]
SQL: INSERT INTO `b_users` (`wx_openid`) VALUES (1) [ RunTime:0.001689s ]
SQL: INSERT INTO `b_users` (`wx_openid`) VALUES (1) [ RunTime:0.001367s ]
SQL: INSERT INTO `b_users` (`wx_openid`) VALUES (1) [ RunTime:0.001475s ]
SQL: INSERT INTO `b_users` (`wx_openid`) VALUES (1) [ RunTime:0.001500s ]
SQL: INSERT INTO `b_users` (`wx_openid`) VALUES (1) [ RunTime:0.001573s ]
SQL: INSERT INTO `b_users` (`wx_openid`) VALUES (1) [ RunTime:0.001527s ]
SQL: INSERT INTO `b_users` (`wx_openid`) VALUES (1) [ RunTime:0.001891s ]
SQL: INSERT INTO `b_users` (`wx_openid`) VALUES (1) [ RunTime:0.001573s ]
SQL: INSERT INTO `b_users` (`wx_openid`) VALUES (1) [ RunTime:0.001439s ]
SQL: INSERT INTO `b_users` (`wx_openid`) VALUES (1) [ RunTime:0.001481s ]
SQL: INSERT INTO `b_users` (`wx_openid`) VALUES (1) [ RunTime:0.001602s ]
SQL: INSERT INTO `b_users` (`wx_openid`) VALUES (1) [ RunTime:0.001848s ]
SQL: INSERT INTO `b_users` (`wx_openid`) VALUES (1) [ RunTime:0.001435s ]
SQL: INSERT INTO `b_users` (`wx_openid`) VALUES (1) [ RunTime:0.001901s ]
SQL: INSERT INTO `b_users` (`wx_openid`) VALUES (1) [ RunTime:0.001402s ]
SQL: INSERT INTO `b_users` (`wx_openid`) VALUES (1) [ RunTime:0.001543s ]
SQL: INSERT INTO `b_users` (`wx_openid`) VALUES (1) [ RunTime:0.001605s ]
SQL: INSERT INTO `b_users` (`wx_openid`) VALUES (1) [ RunTime:0.001937s ]
SQL: INSERT INTO `b_users` (`wx_openid`) VALUES (1) [ RunTime:0.001649s ]
SQL: INSERT INTO `b_users` (`wx_openid`) VALUES (1) [ RunTime:0.001522s ]
SQL: INSERT INTO `b_users` (`wx_openid`) VALUES (1) [ RunTime:0.001498s ]
SQL: INSERT INTO `b_users` (`wx_openid`) VALUES (1) [ RunTime:0.001914s ]
SQL: INSERT INTO `b_users` (`wx_openid`) VALUES (1) [ RunTime:0.001550s ]
SQL: INSERT INTO `b_users` (`wx_openid`) VALUES (1) [ RunTime:0.001502s ]
SQL: INSERT INTO `b_users` (`wx_openid`) VALUES (1) [ RunTime:0.001420s ]
SQL: INSERT INTO `b_users` (`wx_openid`) VALUES (1) [ RunTime:0.001646s ]
SQL: INSERT INTO `b_users` (`wx_openid`) VALUES (1) [ RunTime:0.001548s ]
SQL: INSERT INTO `b_users` (`wx_openid`) VALUES (1) [ RunTime:0.001920s ]
SQL: INSERT INTO `b_users` (`wx_openid`) VALUES (1) [ RunTime:0.001891s ]
SQL: INSERT INTO `b_users` (`wx_openid`) VALUES (1) [ RunTime:0.001449s ]
SQL: INSERT INTO `b_users` (`wx_openid`) VALUES (1) [ RunTime:0.001695s ]
SQL: INSERT INTO `b_users` (`wx_openid`) VALUES (1) [ RunTime:0.001513s ]
SQL: INSERT INTO `b_users` (`wx_openid`) VALUES (1) [ RunTime:0.001468s ]
SQL: INSERT INTO `b_users` (`wx_openid`) VALUES (1) [ RunTime:0.001486s ]
SQL: INSERT INTO `b_users` (`wx_openid`) VALUES (1) [ RunTime:0.001738s ]
SQL: INSERT INTO `b_users` (`wx_openid`) VALUES (1) [ RunTime:0.001575s ]
SQL: INSERT INTO `b_users` (`wx_openid`) VALUES (1) [ RunTime:0.002066s ]
SQL: INSERT INTO `b_users` (`wx_openid`) VALUES (1) [ RunTime:0.001682s ]
SQL: INSERT INTO `b_users` (`wx_openid`) VALUES (1) [ RunTime:0.001659s ]
SQL: INSERT INTO `b_users` (`wx_openid`) VALUES (1) [ RunTime:0.001610s ]
SQL: INSERT INTO `b_users` (`wx_openid`) VALUES (1) [ RunTime:0.002173s ]
SQL: INSERT INTO `b_users` (`wx_openid`) VALUES (1) [ RunTime:0.001591s ]
SQL: INSERT INTO `b_users` (`wx_openid`) VALUES (1) [ RunTime:0.001600s ]
SQL: INSERT INTO `b_users` (`wx_openid`) VALUES (1) [ RunTime:0.001940s ]
SQL: INSERT INTO `b_users` (`wx_openid`) VALUES (1) [ RunTime:0.001673s ]
SQL: INSERT INTO `b_users` (`wx_openid`) VALUES (1) [ RunTime:0.001685s ]
SQL: INSERT INTO `b_users` (`wx_openid`) VALUES (1) [ RunTime:0.001673s ]
SQL: INSERT INTO `b_users` (`wx_openid`) VALUES (1) [ RunTime:0.001593s ]
SQL: INSERT INTO `b_users` (`wx_openid`) VALUES (1) [ RunTime:0.001449s ]
SQL: INSERT INTO `b_users` (`wx_openid`) VALUES (1) [ RunTime:0.001579s ]
SQL: INSERT INTO `b_users` (`wx_openid`) VALUES (1) [ RunTime:0.002230s ]
SQL: INSERT INTO `b_users` (`wx_openid`) VALUES (1) [ RunTime:0.001408s ]
SQL: INSERT INTO `b_users` (`wx_openid`) VALUES (1) [ RunTime:0.001562s ]
SQL: INSERT INTO `b_users` (`wx_openid`) VALUES (1) [ RunTime:0.001532s ]
SQL: INSERT INTO `b_users` (`wx_openid`) VALUES (1) [ RunTime:0.001531s ]
SQL: INSERT INTO `b_users` (`wx_openid`) VALUES (1) [ RunTime:0.001603s ]
SQL: INSERT INTO `b_users` (`wx_openid`) VALUES (1) [ RunTime:0.001643s ]
SQL: INSERT INTO `b_users` (`wx_openid`) VALUES (1) [ RunTime:0.001489s ]
SQL: INSERT INTO `b_users` (`wx_openid`) VALUES (1) [ RunTime:0.001756s ]
SQL: INSERT INTO `b_users` (`wx_openid`) VALUES (1) [ RunTime:0.001767s ]
SQL: INSERT INTO `b_users` (`wx_openid`) VALUES (1) [ RunTime:0.001708s ]
SQL: INSERT INTO `b_users` (`wx_openid`) VALUES (1) [ RunTime:0.001714s ]
SQL: INSERT INTO `b_users` (`wx_openid`) VALUES (1) [ RunTime:0.001729s ]
SQL: INSERT INTO `b_users` (`wx_openid`) VALUES (1) [ RunTime:0.001390s ]
SQL: INSERT INTO `b_users` (`wx_openid`) VALUES (1) [ RunTime:0.001385s ]
SQL: INSERT INTO `b_users` (`wx_openid`) VALUES (1) [ RunTime:0.001896s ]
SQL: INSERT INTO `b_users` (`wx_openid`) VALUES (1) [ RunTime:0.001386s ]
SQL: INSERT INTO `b_users` (`wx_openid`) VALUES (1) [ RunTime:0.001437s ]
SQL: INSERT INTO `b_users` (`wx_openid`) VALUES (1) [ RunTime:0.001460s ]
SQL: INSERT INTO `b_users` (`wx_openid`) VALUES (1) [ RunTime:0.001630s ]
SQL: INSERT INTO `b_users` (`wx_openid`) VALUES (1) [ RunTime:0.002131s ]
SQL: INSERT INTO `b_users` (`wx_openid`) VALUES (1) [ RunTime:0.001514s ]
SQL: INSERT INTO `b_users` (`wx_openid`) VALUES (1) [ RunTime:0.001372s ]
SQL: INSERT INTO `b_users` (`wx_openid`) VALUES (1) [ RunTime:0.001853s ]
SQL: INSERT INTO `b_users` (`wx_openid`) VALUES (1) [ RunTime:0.001564s ]
SQL: INSERT INTO `b_users` (`wx_openid`) VALUES (1) [ RunTime:0.001522s ]
SQL: INSERT INTO `b_users` (`wx_openid`) VALUES (1) [ RunTime:0.001506s ]
SQL: INSERT INTO `b_users` (`wx_openid`) VALUES (1) [ RunTime:0.001513s ]
SQL: INSERT INTO `b_users` (`wx_openid`) VALUES (1) [ RunTime:0.001532s ]
SQL: INSERT INTO `b_users` (`wx_openid`) VALUES (1) [ RunTime:0.001511s ]
SQL: INSERT INTO `b_users` (`wx_openid`) VALUES (1) [ RunTime:0.002251s ]
SQL: INSERT INTO `b_users` (`wx_openid`) VALUES (1) [ RunTime:0.001442s ]
SQL: INSERT INTO `b_users` (`wx_openid`) VALUES (1) [ RunTime:0.001580s ]
SQL: INSERT INTO `b_users` (`wx_openid`) VALUES (1) [ RunTime:0.001535s ]
SQL: INSERT INTO `b_users` (`wx_openid`) VALUES (1) [ RunTime:0.001469s ]
SQL: INSERT INTO `b_users` (`wx_openid`) VALUES (1) [ RunTime:0.001771s ]
SQL: INSERT INTO `b_users` (`wx_openid`) VALUES (1) [ RunTime:0.002145s ]
SQL: INSERT INTO `b_users` (`wx_openid`) VALUES (1) [ RunTime:0.001818s ]
SQL: INSERT INTO `b_users` (`wx_openid`) VALUES (1) [ RunTime:0.002377s ]
SQL: INSERT INTO `b_users` (`wx_openid`) VALUES (1) [ RunTime:0.001636s ]
SQL: INSERT INTO `b_users` (`wx_openid`) VALUES (1) [ RunTime:0.002512s ]
SQL: INSERT INTO `b_users` (`wx_openid`) VALUES (1) [ RunTime:0.001619s ]
SQL: INSERT INTO `b_users` (`wx_openid`) VALUES (1) [ RunTime:0.001813s ]
SQL: INSERT INTO `b_users` (`wx_openid`) VALUES (1) [ RunTime:0.001670s ]
SQL: INSERT INTO `b_users` (`wx_openid`) VALUES (1) [ RunTime:0.001968s ]
SQL: INSERT INTO `b_users` (`wx_openid`) VALUES (1) [ RunTime:0.002490s ]
SQL: INSERT INTO `b_users` (`wx_openid`) VALUES (1) [ RunTime:0.002465s ]
SQL: INSERT INTO `b_users` (`wx_openid`) VALUES (1) [ RunTime:0.001873s ]
SQL: INSERT INTO `b_users` (`wx_openid`) VALUES (1) [ RunTime:0.001705s ]
SQL: INSERT INTO `b_users` (`wx_openid`) VALUES (1) [ RunTime:0.001921s ]
SQL: INSERT INTO `b_users` (`wx_openid`) VALUES (1) [ RunTime:0.001643s ]
SQL: INSERT INTO `b_users` (`wx_openid`) VALUES (1) [ RunTime:0.001798s ]
SQL: INSERT INTO `b_users` (`wx_openid`) VALUES (1) [ RunTime:0.001635s ]
SQL: INSERT INTO `b_users` (`wx_openid`) VALUES (1) [ RunTime:0.002026s ]
SQL: INSERT INTO `b_users` (`wx_openid`) VALUES (1) [ RunTime:0.001687s ]
SQL: INSERT INTO `b_users` (`wx_openid`) VALUES (1) [ RunTime:0.001626s ]
SQL: INSERT INTO `b_users` (`wx_openid`) VALUES (1) [ RunTime:0.001522s ]
SQL: INSERT INTO `b_users` (`wx_openid`) VALUES (1) [ RunTime:0.002223s ]
SQL: INSERT INTO `b_users` (`wx_openid`) VALUES (1) [ RunTime:0.003692s ]
SQL: INSERT INTO `b_users` (`wx_openid`) VALUES (1) [ RunTime:0.001675s ]
SQL: INSERT INTO `b_users` (`wx_openid`) VALUES (1) [ RunTime:0.004068s ]
SQL: INSERT INTO `b_users` (`wx_openid`) VALUES (1) [ RunTime:0.002036s ]
SQL: INSERT INTO `b_users` (`wx_openid`) VALUES (1) [ RunTime:0.001643s ]
SQL: INSERT INTO `b_users` (`wx_openid`) VALUES (1) [ RunTime:0.002402s ]
SQL: INSERT INTO `b_users` (`wx_openid`) VALUES (1) [ RunTime:0.001542s ]
SQL: INSERT INTO `b_users` (`wx_openid`) VALUES (1) [ RunTime:0.001550s ]
SQL: INSERT INTO `b_users` (`wx_openid`) VALUES (1) [ RunTime:0.001749s ]
SQL: INSERT INTO `b_users` (`wx_openid`) VALUES (1) [ RunTime:0.002452s ]
SQL: INSERT INTO `b_users` (`wx_openid`) VALUES (1) [ RunTime:0.001929s ]
SQL: INSERT INTO `b_users` (`wx_openid`) VALUES (1) [ RunTime:0.001939s ]
SQL: INSERT INTO `b_users` (`wx_openid`) VALUES (1) [ RunTime:0.002007s ]
SQL: INSERT INTO `b_users` (`wx_openid`) VALUES (1) [ RunTime:0.001574s ]
SQL: INSERT INTO `b_users` (`wx_openid`) VALUES (1) [ RunTime:0.001471s ]
SQL: INSERT INTO `b_users` (`wx_openid`) VALUES (1) [ RunTime:0.001538s ]
SQL: INSERT INTO `b_users` (`wx_openid`) VALUES (1) [ RunTime:0.001479s ]
INFO: [ app_end ] --START--
INFO: Run Behavior\ShowPageTraceBehavior [ RunTime:0.000482s ]
INFO: [ app_end ] --END-- [ RunTime:0.000524s ]

